#
# A fatal error has been detected by the Java Runtime Environment:
#
#  EXCEPTION_ACCESS_VIOLATION (0xc0000005) at pc=0x000001fa3fbc102c, pid=16072, tid=3540
#
# JRE version: OpenJDK Runtime Environment Temurin-21.0.7+6 (21.0.7+6) (build 21.0.7+6-LTS)
# Java VM: OpenJDK 64-Bit Server VM Temurin-21.0.7+6 (21.0.7+6-LTS, mixed mode, emulated-client, sharing, tiered, compressed oops, compressed class ptrs, g1 gc, windows-amd64)
# Problematic frame:
# v  ~BufferBlob::MethodHandles adapters 0x000001fa3fbc102c
#
# No core dump will be written. Minidumps are not enabled by default on client versions of Windows
#
# If you would like to submit a bug report, please visit:
#   https://github.com/adoptium/adoptium-support/issues
#

---------------  S U M M A R Y ------------

Command Line: -XX:+ShowCodeDetailsInExceptionMessages -agentlib:jdwp=transport=dt_socket,suspend=y,address=localhost:51759 -Dcom.sun.management.jmxremote -Dcom.sun.management.jmxremote.port=51758 -Dcom.sun.management.jmxremote.authenticate=false -Dcom.sun.management.jmxremote.ssl=false -Djava.rmi.server.hostname=localhost -Dspring.jmx.enabled=true -Dmanagement.endpoints.jmx.exposure.include=* -Dspring.application.admin.enabled=true -Ddebug -Dspring.output.ansi.enabled=always -XX:TieredStopAtLevel=1 -Dspring.boot.project.name=sampleSpringMVC -javaagent:C:\Apps\eclipse-2025-06\configuration\org.eclipse.osgi\442\0\.cp\lib\javaagent-shaded.jar -Dfile.encoding=UTF-8 -Dstdout.encoding=UTF-8 -Dstderr.encoding=UTF-8 com.example.SampleSpringMvcApplication

Host: Intel(R) Core(TM) i5-8250U CPU @ 1.60GHz, 8 cores, 7G,  Windows 11 , 64 bit Build 26100 (10.0.26100.4202)
Time: Wed Jul  2 22:33:12 2025 Tokyo Standard Time elapsed time: 1055.411383 seconds (0d 0h 17m 35s)

---------------  T H R E A D  ---------------

Current thread (0x000001fa8fa2f720):  JavaThread "restartedMain"        [_thread_in_Java, id=3540, stack(0x0000007069400000,0x0000007069500000) (1024K)]

Stack: [0x0000007069400000,0x0000007069500000],  sp=0x00000070694fdbb8,  free space=1014k
Native frames: (J=compiled Java code, j=interpreted, Vv=VM code, C=native code)
C  0x000001fa3fbc102c

The last pc belongs to _linkToSpecial (printed below).

siginfo: EXCEPTION_ACCESS_VIOLATION (0xc0000005), reading address 0xffffffffffffffff


Registers:
RAX=0x000001fa3fb99086, RBX=0x8924e67800000000, RCX=0x00000070694fdbc0, RDX=0x0000000000000002
RSP=0x00000070694fdbb8, RBP=0x00000070694fdc08, RSI=0x000001fa8e066738, RDI=0x000001fa8f443d20
R8 =0x0000000000000004, R9 =0x0000000000000004, R10=0x00007ffbe415dfc0, R11=0x000001fa480b5bd0
R12=0x0000000000000000, R13=0x00000070694fdbb8, R14=0x00000070694fdc28, R15=0x000001fa8fa2f720
RIP=0x000001fa3fbc102c, EFLAGS=0x0000000000010202

XMM[0]=0x0000000000000000 0x0000000000000000
XMM[1]=0x0000000000000000 0x0000000000000000
XMM[2]=0x0000000000000000 0x0000000000000000
XMM[3]=0x0000000000000000 0x0000000000000000
XMM[4]=0x0000000000000000 0x0000000000000000
XMM[5]=0x0000000000000000 0x0000000000000000
XMM[6]=0x0000000000000000 0x0000000000000000
XMM[7]=0x0000000000000000 0x0000000000000000
XMM[8]=0x0000000000000000 0x0000000000000000
XMM[9]=0x0000000000000000 0x0000000000000000
XMM[10]=0x0000000000000000 0x0000000000000000
XMM[11]=0x0000000000000000 0x0000000000000000
XMM[12]=0x0000000000000000 0x0000000000000000
XMM[13]=0x0000000000000000 0x0000000000000000
XMM[14]=0x0000000000000000 0x0000000000000000
XMM[15]=0x0000000000000000 0x0000000000000000
  MXCSR=0x00001fa0


Register to memory mapping:

RAX=0x000001fa3fb99086 is at code_begin+3078 in an Interpreter codelet
return entry points  [0x000001fa3fb98480, 0x000001fa3fb9a298]  7704 bytes
RBX=0x8924e67800000000 is an unknown value
RCX=0x00000070694fdbc0 is pointing into the stack for thread: 0x000001fa8fa2f720
RDX=0x0000000000000002 is an unknown value
RSP=0x00000070694fdbb8 is pointing into the stack for thread: 0x000001fa8fa2f720
RBP=0x00000070694fdc08 is pointing into the stack for thread: 0x000001fa8fa2f720
RSI=0x000001fa8e066738 points into unknown readable memory: 0x80003df68a0b10dc | dc 10 0b 8a f6 3d 00 80
RDI=0x000001fa8f443d20 points into unknown readable memory: 0x0000001800000070 | 70 00 00 00 18 00 00 00
R8 =0x0000000000000004 is an unknown value
R9 =0x0000000000000004 is an unknown value
R10=0x00007ffbe415dfc0 jvm.dll
R11={method} {0x000001fa480b5bd8} 'newInvokeSpecial' '(Ljava/lang/Object;)Ljava/lang/Object;' in 'java/lang/invoke/DirectMethodHandle$Holder'
R12=0x0 is null
R13=0x00000070694fdbb8 is pointing into the stack for thread: 0x000001fa8fa2f720
R14=0x00000070694fdc28 is pointing into the stack for thread: 0x000001fa8fa2f720
R15=0x000001fa8fa2f720 is a thread

Top of Stack: (sp=0x00000070694fdbb8)
0x00000070694fdbb8:   000001fa3fb99086 00000070694fdbc0
0x00000070694fdbc8:   000001fa4872b5e7 0000000000000004
0x00000070694fdbd8:   000001fa480b1088 0000000083112d10
0x00000070694fdbe8:   00000000816702a8 000001fa480b5bd0
0x00000070694fdbf8:   00000070694fdbb8 00000070694fdc30
0x00000070694fdc08:   00000070694ff020 000001fa3ffb7183
0x00000070694fdc18:   000000008924e580 000000008924e628
0x00000070694fdc28:   000000008924e5e0 000000008924e340
0x00000070694fdc38:   0000000000000000 00000070694ff020
0x00000070694fdc48:   000001fa40501c7c 0000000000000000
0x00000070694fdc58:   0000000000000000 0000000000000000
0x00000070694fdc68:   0000000000000000 0000000000000000
0x00000070694fdc78:   0000000000000000 0000000000000000
0x00000070694fdc88:   0000000000000000 0000000000000000
0x00000070694fdc98:   0000000000000000 0000000000000000
0x00000070694fdca8:   0000000081689840 0000000083112d10
0x00000070694fdcb8:   000000008924e208 000000008924e208
0x00000070694fdcc8:   000000008924e340 000000008924e610
0x00000070694fdcd8:   000000008924e398 0000000083112d10
0x00000070694fdce8:   0000000000000001 00000070694ff020
0x00000070694fdcf8:   000001fa00000000 0000000000000000
0x00000070694fdd08:   0000000000000000 000000008924e5e0
0x00000070694fdd18:   000001fa3ffb885c 0000000000000000
0x00000070694fdd28:   0000000000000000 0000000000000000
0x00000070694fdd38:   00000070694fc700 000001fa8fa2f720
0x00000070694fdd48:   0000000000000000 000000008924e340
0x00000070694fdd58:   0000000000000000 000000008924e208
0x00000070694fdd68:   000000008924e610 000000008924e340
0x00000070694fdd78:   0000000000000000 0000000000000000
0x00000070694fdd88:   000001fa3ffb66b4 00000070694ff020
0x00000070694fdd98:   000001fa3ffb146a 0000000000000000
0x00000070694fdda8:   000001fa3fecb329 0000000000000000 

Instructions: (pc=0x000001fa3fbc102c)
0x000001fa3fbc0f2c:   8b 59 14 8b 5b 28 8b 5b 24 48 8b 5b 10 48 85 db
0x000001fa3fbc0f3c:   0f 84 10 00 00 00 41 80 bf d8 05 00 00 00 74 03
0x000001fa3fbc0f4c:   ff 63 38 ff 63 50 e9 a9 16 00 00 66 0f 1f 84 00
0x000001fa3fbc0f5c:   00 00 00 00 48 8b 53 08 0f b7 52 2e 48 8b 0c d4
0x000001fa3fbc0f6c:   58 5b 50 44 8b 51 08 49 bb 00 00 00 48 fa 01 00
0x000001fa3fbc0f7c:   00 4d 03 d3 4c 8b 5b 10 4b 8b 9c da c0 01 00 00
0x000001fa3fbc0f8c:   48 85 db 0f 84 10 00 00 00 41 80 bf d8 05 00 00
0x000001fa3fbc0f9c:   00 74 03 ff 63 38 ff 63 50 e9 56 16 00 00 66 66
0x000001fa3fbc0fac:   66 0f 1f 84 00 00 00 00 00 66 66 66 90 0f 1f 80
0x000001fa3fbc0fbc:   00 00 00 00 58 5b 50 8b 5b 24 48 8b 5b 10 48 85
0x000001fa3fbc0fcc:   db 0f 84 10 00 00 00 41 80 bf d8 05 00 00 00 74
0x000001fa3fbc0fdc:   03 ff 63 38 ff 63 50 e9 18 16 00 00 66 66 66 0f
0x000001fa3fbc0fec:   1f 84 00 00 00 00 00 66 66 66 90 66 0f 1f 84 00
0x000001fa3fbc0ffc:   00 00 00 00 48 8b 53 08 0f b7 52 2e 48 8b 0c d4
0x000001fa3fbc100c:   58 5b 50 48 3b 01 8b 5b 24 48 8b 5b 10 48 85 db
0x000001fa3fbc101c:   0f 84 10 00 00 00 41 80 bf d8 05 00 00 00 74 03
0x000001fa3fbc102c:   ff 63 38 ff 63 50 e9 c9 15 00 00 66 0f 1f 84 00
0x000001fa3fbc103c:   00 00 00 00 48 8b 53 08 0f b7 52 2e 48 8b 0c d4
0x000001fa3fbc104c:   58 5b 50 44 8b 51 08 49 bb 00 00 00 48 fa 01 00
0x000001fa3fbc105c:   00 4d 03 d3 8b 43 18 48 8b 40 10 48 8b 5b 10 45
0x000001fa3fbc106c:   8b 9a a0 00 00 00 4f 8d 9c da c0 01 00 00 4d 8d
0x000001fa3fbc107c:   14 da 49 8b 1b 48 3b c3 74 15 48 85 db 0f 84 32
0x000001fa3fbc108c:   00 00 00 49 83 c3 10 49 8b 1b 48 3b c3 75 eb 45
0x000001fa3fbc109c:   8b 5b 08 4b 8b 1c 1a 48 85 db 0f 84 10 00 00 00
0x000001fa3fbc10ac:   41 80 bf d8 05 00 00 00 74 03 ff 63 38 ff 63 50
0x000001fa3fbc10bc:   e9 3f 15 00 00 e9 3a 12 00 00 f4 00 00 00 00 00
0x000001fa3fbc10cc:   00 00 00 00 00 00 00 00 00 00 00 00 00 00 00 00
0x000001fa3fbc10dc:   00 00 00 00 00 00 00 00 00 00 00 00 00 00 00 00
0x000001fa3fbc10ec:   00 00 00 00 00 00 00 00 00 00 00 00 00 00 00 00
0x000001fa3fbc10fc:   00 00 00 00 00 00 00 00 00 00 00 00 00 00 00 00
0x000001fa3fbc110c:   00 00 00 00 00 00 00 00 00 00 00 00 00 00 00 00
0x000001fa3fbc111c:   00 00 00 00 00 00 00 00 00 00 00 00 00 00 00 00 


Stack slot to memory mapping:

stack at sp + 0 slots: 0x000001fa3fb99086 is at code_begin+3078 in an Interpreter codelet
return entry points  [0x000001fa3fb98480, 0x000001fa3fb9a298]  7704 bytes
stack at sp + 1 slots: 0x00000070694fdbc0 is pointing into the stack for thread: 0x000001fa8fa2f720
stack at sp + 2 slots: 0x000001fa4872b5e7 is pointing into metadata
stack at sp + 3 slots: 0x0000000000000004 is an unknown value
stack at sp + 4 slots: 0x000001fa480b1088 is pointing into metadata
stack at sp + 5 slots: 0x0000000083112d10 is an oop: java.lang.Class 
{0x0000000083112d10} - klass: 'java/lang/Class'
 - ---- fields (total size 14 words):
 - private volatile transient 'classRedefinedCount' 'I' @12  1 (0x00000001)
 - injected 'klass' 'J' @16  2174485774840 (0x000001fa4973c1f8)
 - injected 'array_klass' 'J' @24  0 (0x0000000000000000)
 - injected 'oop_size' 'I' @32  14 (0x0000000e)
 - injected 'static_oop_field_count' 'I' @36  0 (0x00000000)
 - private volatile transient 'cachedConstructor' 'Ljava/lang/reflect/Constructor;' @40  null (0x00000000)
 - private transient 'name' 'Ljava/lang/String;' @44  "com.example._10_config.JdbcDataSourceConfig"{0x0000000081bb5da8} (0x81bb5da8)
 - private transient 'module' 'Ljava/lang/Module;' @48  a 'java/lang/Module'{0x0000000083112c60} (0x83112c60)
 - private final 'classLoader' 'Ljava/lang/ClassLoader;' @52  a 'org/springframework/boot/devtools/restart/classloader/RestartClassLoader'{0x0000000083122650} (0x83122650)
 - private transient 'classData' 'Ljava/lang/Object;' @56  null (0x00000000)
 - private transient 'packageName' 'Ljava/lang/String;' @60  "com.example._10_config"{0x000000008194c7d0} (0x8194c7d0)
 - private final 'componentType' 'Ljava/lang/Class;' @64  null (0x00000000)
 - private volatile transient 'reflectionData' 'Ljava/lang/ref/SoftReference;' @68  a 'java/lang/ref/SoftReference'{0x0000000083114980} (0x83114980)
 - private volatile transient 'genericInfo' 'Lsun/reflect/generics/repository/ClassRepository;' @72  null (0x00000000)
 - private volatile transient 'enumConstants' '[Ljava/lang/Object;' @76  null (0x00000000)
 - private volatile transient 'enumConstantDirectory' 'Ljava/util/Map;' @80  null (0x00000000)
 - private volatile transient 'annotationData' 'Ljava/lang/Class$AnnotationData;' @84  a 'java/lang/Class$AnnotationData'{0x00000000831155b0} (0x831155b0)
 - private volatile transient 'annotationType' 'Lsun/reflect/annotation/AnnotationType;' @88  null (0x00000000)
 - transient 'classValueMap' 'Ljava/lang/ClassValue$ClassValueMap;' @92  null (0x00000000)
 - injected 'protection_domain' 'Ljava/lang/Object;' @96  a 'java/security/ProtectionDomain'{0x00000000831131b8} (0x831131b8)
 - injected 'signers_name' 'Ljava/lang/Object;' @100  null (0x00000000)
 - injected 'source_file' 'Ljava/lang/Object;' @104  null (0x00000000)
 - injected '<init_lock>' 'Ljava/lang/Object;' @108  null (0x00000000)
 - signature: Lcom/example/_10_config/JdbcDataSourceConfig;
 - ---- static fields (0):
stack at sp + 6 slots: 0x00000000816702a8 is an oop: java.lang.Class 
{0x00000000816702a8} - klass: 'java/lang/Class'
 - ---- fields (total size 14 words):
 - private volatile transient 'classRedefinedCount' 'I' @12  0 (0x00000000)
 - injected 'klass' 'J' @16  2174462135392 (0x000001fa480b0c60)
 - injected 'array_klass' 'J' @24  0 (0x0000000000000000)
 - injected 'oop_size' 'I' @32  14 (0x0000000e)
 - injected 'static_oop_field_count' 'I' @36  0 (0x00000000)
 - private volatile transient 'cachedConstructor' 'Ljava/lang/reflect/Constructor;' @40  null (0x00000000)
 - private transient 'name' 'Ljava/lang/String;' @44  null (0x00000000)
 - private transient 'module' 'Ljava/lang/Module;' @48  a 'java/lang/Module'{0x00000000816975d0} (0x816975d0)
 - private final 'classLoader' 'Ljava/lang/ClassLoader;' @52  null (0x00000000)
 - private transient 'classData' 'Ljava/lang/Object;' @56  null (0x00000000)
 - private transient 'packageName' 'Ljava/lang/String;' @60  null (0x00000000)
 - private final 'componentType' 'Ljava/lang/Class;' @64  null (0x00000000)
 - private volatile transient 'reflectionData' 'Ljava/lang/ref/SoftReference;' @68  null (0x00000000)
 - private volatile transient 'genericInfo' 'Lsun/reflect/generics/repository/ClassRepository;' @72  null (0x00000000)
 - private volatile transient 'enumConstants' '[Ljava/lang/Object;' @76  null (0x00000000)
 - private volatile transient 'enumConstantDirectory' 'Ljava/util/Map;' @80  null (0x00000000)
 - private volatile transient 'annotationData' 'Ljava/lang/Class$AnnotationData;' @84  null (0x00000000)
 - private volatile transient 'annotationType' 'Lsun/reflect/annotation/AnnotationType;' @88  null (0x00000000)
 - transient 'classValueMap' 'Ljava/lang/ClassValue$ClassValueMap;' @92  null (0x00000000)
 - injected 'protection_domain' 'Ljava/lang/Object;' @96  null (0x00000000)
 - injected 'signers_name' 'Ljava/lang/Object;' @100  null (0x00000000)
 - injected 'source_file' 'Ljava/lang/Object;' @104  null (0x00000000)
 - injected '<init_lock>' 'Ljava/lang/Object;' @108  null (0x00000000)
 - signature: Ljava/lang/invoke/DirectMethodHandle$Holder;
 - ---- static fields (0):
stack at sp + 7 slots: {method} {0x000001fa480b5bd8} 'newInvokeSpecial' '(Ljava/lang/Object;)Ljava/lang/Object;' in 'java/lang/invoke/DirectMethodHandle$Holder'

MethodHandle::interpreter_entry::_linkToSpecial [0x000001fa3fbc0fe8, 0x000001fa3fbc1037] (79 bytes)
[MachCode]
  0x000001fa3fbc0fe8: 6666 660f | 1f84 0000 | 0000 0066 | 6666 9066 | 0f1f 8400 | 0000 0000 | 488b 5308 | 0fb7 522e 
  0x000001fa3fbc1008: 488b 0cd4 | 585b 5048 | 3b01 8b5b | 2448 8b5b | 1048 85db | 0f84 1000 | 0000 4180 | bfd8 0500 
  0x000001fa3fbc1028: 0000 7403 | ff63 38ff | 6350 e9c9 | 
[/MachCode]

---------------  P R O C E S S  ---------------

Threads class SMR info:
_java_thread_list=0x000001fa8f3c98f0, length=29, elements={
0x000001fa47ea3210, 0x000001fa47ea4980, 0x000001fa47ea6d70, 0x000001fa47ea97d0,
0x000001fa47eb4080, 0x000001fa47eb4c00, 0x000001fa47eb99a0, 0x000001fa8d06d3d0,
0x000001fa8d16f870, 0x000001fa8d17c5a0, 0x000001fa8d17f240, 0x000001fa8d87a130,
0x000001fa8d9ffca0, 0x000001fa8da0cf80, 0x000001fa8daac6a0, 0x000001fa8dab1950,
0x000001fa8dab3fc0, 0x000001fa8db3b3f0, 0x000001fa8f0ef0b0, 0x000001fa8f0ef740,
0x000001fa8f0eea20, 0x000001fa8f0ed670, 0x000001fa8f0f38e0, 0x000001fa8f0edd00,
0x000001fa8fa30ad0, 0x000001fa8fa2f720, 0x000001fa8fa31e80, 0x000001fa8fa2fdb0,
0x000001fa8fa2f090
}

Java Threads: ( => current thread )
  0x000001fa47ea3210 JavaThread "Reference Handler"          daemon [_thread_blocked, id=5176, stack(0x0000007069d00000,0x0000007069e00000) (1024K)]
  0x000001fa47ea4980 JavaThread "Finalizer"                  daemon [_thread_blocked, id=15744, stack(0x0000007069e00000,0x0000007069f00000) (1024K)]
  0x000001fa47ea6d70 JavaThread "Signal Dispatcher"          daemon [_thread_blocked, id=6892, stack(0x0000007069f00000,0x000000706a000000) (1024K)]
  0x000001fa47ea97d0 JavaThread "Attach Listener"            daemon [_thread_blocked, id=15416, stack(0x000000706a000000,0x000000706a100000) (1024K)]
  0x000001fa47eb4080 JavaThread "Service Thread"             daemon [_thread_blocked, id=8780, stack(0x000000706a100000,0x000000706a200000) (1024K)]
  0x000001fa47eb4c00 JavaThread "Monitor Deflation Thread"   daemon [_thread_blocked, id=9836, stack(0x000000706a200000,0x000000706a300000) (1024K)]
  0x000001fa47eb99a0 JavaThread "C1 CompilerThread0"         daemon [_thread_blocked, id=8228, stack(0x000000706a300000,0x000000706a400000) (1024K)]
  0x000001fa8d06d3d0 JavaThread "Common-Cleaner"             daemon [_thread_blocked, id=10008, stack(0x000000706a400000,0x000000706a500000) (1024K)]
  0x000001fa8d16f870 JavaThread "JDWP Transport Listener: dt_socket" daemon [_thread_blocked, id=3988, stack(0x000000706a800000,0x000000706a900000) (1024K)]
  0x000001fa8d17c5a0 JavaThread "JDWP Event Helper Thread"   daemon [_thread_blocked, id=10636, stack(0x000000706a900000,0x000000706aa00000) (1024K)]
  0x000001fa8d17f240 JavaThread "JDWP Command Reader"        daemon [_thread_in_native, id=8728, stack(0x000000706aa00000,0x000000706ab00000) (1024K)]
  0x000001fa8d87a130 JavaThread "Notification Thread"        daemon [_thread_blocked, id=14076, stack(0x000000706ab00000,0x000000706ac00000) (1024K)]
  0x000001fa8d9ffca0 JavaThread "RMI TCP Accept-0"           daemon [_thread_in_native, id=8284, stack(0x000000706ac00000,0x000000706ad00000) (1024K)]
  0x000001fa8da0cf80 JavaThread "RMI TCP Accept-51758"       daemon [_thread_in_native, id=2148, stack(0x000000706ad00000,0x000000706ae00000) (1024K)]
  0x000001fa8daac6a0 JavaThread "RMI TCP Accept-0"           daemon [_thread_in_native, id=4812, stack(0x000000706b600000,0x000000706b700000) (1024K)]
  0x000001fa8dab1950 JavaThread "RMI Scheduler(0)"           daemon [_thread_blocked, id=15736, stack(0x000000706b700000,0x000000706b800000) (1024K)]
  0x000001fa8dab3fc0 JavaThread "RMI TCP Connection(idle)"   daemon [_thread_blocked, id=11324, stack(0x000000706b800000,0x000000706b900000) (1024K)]
  0x000001fa8db3b3f0 JavaThread "JMX server connection timeout 38" daemon [_thread_blocked, id=7484, stack(0x000000706b900000,0x000000706ba00000) (1024K)]
  0x000001fa8f0ef0b0 JavaThread "oracle.jdbc.diagnostics.Diagnostic.CLOCK" daemon [_thread_blocked, id=13000, stack(0x000000706c000000,0x000000706c100000) (1024K)]
  0x000001fa8f0ef740 JavaThread "oracle.jdbc.driver.BlockSource.ThreadedCachingBlockSource.BlockReleaser" daemon [_thread_blocked, id=15912, stack(0x000000706c100000,0x000000706c200000) (1024K)]
  0x000001fa8f0eea20 JavaThread "InterruptTimer"             daemon [_thread_blocked, id=1596, stack(0x000000706c300000,0x000000706c400000) (1024K)]
  0x000001fa8f0ed670 JavaThread "Live Reload Server"         daemon [_thread_in_native, id=1476, stack(0x000000706c700000,0x000000706c800000) (1024K)]
  0x000001fa8f0f38e0 JavaThread "DestroyJavaVM"                     [_thread_blocked, id=4104, stack(0x0000007069500000,0x0000007069600000) (1024K)]
  0x000001fa8f0edd00 JavaThread "File Watcher"               daemon [_thread_blocked, id=9488, stack(0x0000007069300000,0x0000007069400000) (1024K)]
  0x000001fa8fa30ad0 JavaThread "Thread-60"                         [_thread_blocked, id=10532, stack(0x0000007069200000,0x0000007069300000) (1024K)]
=>0x000001fa8fa2f720 JavaThread "restartedMain"                     [_thread_in_Java, id=3540, stack(0x0000007069400000,0x0000007069500000) (1024K)]
  0x000001fa8fa31e80 JavaThread "Catalina-utility-1"                [_thread_blocked, id=4776, stack(0x000000706a600000,0x000000706a700000) (1024K)]
  0x000001fa8fa2fdb0 JavaThread "Catalina-utility-2"                [_thread_blocked, id=9472, stack(0x000000706a700000,0x000000706a800000) (1024K)]
  0x000001fa8fa2f090 JavaThread "container-0"                       [_thread_blocked, id=12652, stack(0x000000706ae00000,0x000000706af00000) (1024K)]
Total: 29

Other Threads:
  0x000001fa47e83d10 VMThread "VM Thread"                           [id=8352, stack(0x0000007069c00000,0x0000007069d00000) (1024K)]
  0x000001fa47e70e20 WatcherThread "VM Periodic Task Thread"        [id=6688, stack(0x0000007069b00000,0x0000007069c00000) (1024K)]
  0x000001fa3c24ef50 WorkerThread "GC Thread#0"                     [id=12060, stack(0x0000007069600000,0x0000007069700000) (1024K)]
  0x000001fa8da45810 WorkerThread "GC Thread#1"                     [id=6264, stack(0x000000706af00000,0x000000706b000000) (1024K)]
  0x000001fa8da45bb0 WorkerThread "GC Thread#2"                     [id=13008, stack(0x000000706b000000,0x000000706b100000) (1024K)]
  0x000001fa8da44990 WorkerThread "GC Thread#3"                     [id=8940, stack(0x000000706b100000,0x000000706b200000) (1024K)]
  0x000001fa8da45f50 WorkerThread "GC Thread#4"                     [id=15176, stack(0x000000706b200000,0x000000706b300000) (1024K)]
  0x000001fa8da462f0 WorkerThread "GC Thread#5"                     [id=8236, stack(0x000000706b300000,0x000000706b400000) (1024K)]
  0x000001fa8da44d30 WorkerThread "GC Thread#6"                     [id=8872, stack(0x000000706b400000,0x000000706b500000) (1024K)]
  0x000001fa8da450d0 WorkerThread "GC Thread#7"                     [id=13956, stack(0x000000706b500000,0x000000706b600000) (1024K)]
  0x000001fa3c2613e0 ConcurrentGCThread "G1 Main Marker"            [id=9400, stack(0x0000007069700000,0x0000007069800000) (1024K)]
  0x000001fa3c2642c0 WorkerThread "G1 Conc#0"                       [id=8576, stack(0x0000007069800000,0x0000007069900000) (1024K)]
  0x000001fa8e64cae0 WorkerThread "G1 Conc#1"                       [id=14028, stack(0x000000706bd00000,0x000000706be00000) (1024K)]
  0x000001fa3c2aeaf0 ConcurrentGCThread "G1 Refine#0"               [id=16296, stack(0x0000007069900000,0x0000007069a00000) (1024K)]
  0x000001fa47d34690 ConcurrentGCThread "G1 Service"                [id=6148, stack(0x0000007069a00000,0x0000007069b00000) (1024K)]
Total: 15

Threads with active compile tasks:
Total: 0

VM state: not at safepoint (normal execution)

VM Mutex/Monitor currently owned by a thread: None

Heap address: 0x0000000081400000, size: 2028 MB, Compressed Oops mode: 32-bit

CDS archive(s) mapped at: [0x000001fa48000000-0x000001fa48c80000-0x000001fa48c80000), size 13107200, SharedBaseAddress: 0x000001fa48000000, ArchiveRelocationMode: 1.
Compressed class space mapped at: 0x000001fa49000000-0x000001fa89000000, reserved size: 1073741824
Narrow klass base: 0x000001fa48000000, Narrow klass shift: 0, Narrow klass range: 0x100000000

GC Precious Log:
 CardTable entry size: 512
 Card Set container configuration: InlinePtr #cards 5 size 8 Array Of Cards #cards 12 size 40 Howl #buckets 4 coarsen threshold 1843 Howl Bitmap #cards 512 size 80 coarsen threshold 460 Card regions per heap region 1 cards per card region 2048
 CPUs: 8 total, 8 available
 Memory: 8109M
 Large Page Support: Disabled
 NUMA Support: Disabled
 Compressed Oops: Enabled (32-bit)
 Heap Region Size: 1M
 Heap Min Capacity: 8M
 Heap Initial Capacity: 128M
 Heap Max Capacity: 2028M
 Pre-touch: Disabled
 Parallel Workers: 8
 Concurrent Workers: 2
 Concurrent Refinement Workers: 8
 Periodic GC: Disabled

Heap:
 garbage-first heap   total 61440K, used 25821K [0x0000000081400000, 0x0000000100000000)
  region size 1024K, 8 young (8192K), 4 survivors (4096K)
 Metaspace       used 53482K, committed 54592K, reserved 1114112K
  class space    used 6998K, committed 7360K, reserved 1048576K

Heap Regions: E=young(eden), S=young(survivor), O=old, HS=humongous(starts), HC=humongous(continues), CS=collection set, F=free, TAMS=top-at-mark-start, PB=parsable bottom
|   0|0x0000000081400000, 0x0000000081500000, 0x0000000081500000|100%| O|  |TAMS 0x0000000081400000| PB 0x0000000081400000| Untracked 
|   1|0x0000000081500000, 0x00000000815ffff0, 0x0000000081600000| 99%| O|  |TAMS 0x0000000081500000| PB 0x0000000081500000| Untracked 
|   2|0x0000000081600000, 0x00000000816fffa8, 0x0000000081700000| 99%| O|  |TAMS 0x0000000081600000| PB 0x0000000081600000| Untracked 
|   3|0x0000000081700000, 0x00000000817ffff0, 0x0000000081800000| 99%| O|  |TAMS 0x0000000081700000| PB 0x0000000081700000| Untracked 
|   4|0x0000000081800000, 0x00000000818ffff8, 0x0000000081900000| 99%| O|  |TAMS 0x0000000081800000| PB 0x0000000081800000| Untracked 
|   5|0x0000000081900000, 0x00000000819fff30, 0x0000000081a00000| 99%| O|  |TAMS 0x0000000081900000| PB 0x0000000081900000| Untracked 
|   6|0x0000000081a00000, 0x0000000081b00000, 0x0000000081b00000|100%| O|  |TAMS 0x0000000081a00000| PB 0x0000000081a00000| Untracked 
|   7|0x0000000081b00000, 0x0000000081bfffe8, 0x0000000081c00000| 99%| O|  |TAMS 0x0000000081b00000| PB 0x0000000081b00000| Untracked 
|   8|0x0000000081c00000, 0x0000000081d00000, 0x0000000081d00000|100%| O|  |TAMS 0x0000000081c00000| PB 0x0000000081c00000| Untracked 
|   9|0x0000000081d00000, 0x0000000081dffff8, 0x0000000081e00000| 99%| O|  |TAMS 0x0000000081d00000| PB 0x0000000081d00000| Untracked 
|  10|0x0000000081e00000, 0x0000000081effc50, 0x0000000081f00000| 99%| O|  |TAMS 0x0000000081e00000| PB 0x0000000081e00000| Untracked 
|  11|0x0000000081f00000, 0x0000000081ffffc0, 0x0000000082000000| 99%| O|  |TAMS 0x0000000081f00000| PB 0x0000000081f00000| Untracked 
|  12|0x0000000082000000, 0x00000000820ffff0, 0x0000000082100000| 99%| O|  |TAMS 0x0000000082000000| PB 0x0000000082000000| Untracked 
|  13|0x0000000082100000, 0x00000000821b0628, 0x0000000082200000| 68%| O|  |TAMS 0x0000000082100000| PB 0x0000000082100000| Untracked 
|  14|0x0000000082200000, 0x00000000822ffff8, 0x0000000082300000| 99%| O|  |TAMS 0x0000000082200000| PB 0x0000000082200000| Untracked 
|  15|0x0000000082300000, 0x00000000823a9290, 0x0000000082400000| 66%| O|  |TAMS 0x0000000082300000| PB 0x0000000082300000| Untracked 
|  16|0x0000000082400000, 0x0000000082500000, 0x0000000082500000|100%| O|  |TAMS 0x0000000082400000| PB 0x0000000082400000| Untracked 
|  17|0x0000000082500000, 0x00000000825ff580, 0x0000000082600000| 99%| O|  |TAMS 0x0000000082500000| PB 0x0000000082500000| Untracked 
|  18|0x0000000082600000, 0x00000000826702d8, 0x0000000082700000| 43%| O|  |TAMS 0x0000000082600000| PB 0x0000000082600000| Untracked 
|  19|0x0000000082700000, 0x0000000082700000, 0x0000000082800000|  0%| F|  |TAMS 0x0000000082700000| PB 0x0000000082700000| Untracked 
|  20|0x0000000082800000, 0x0000000082819320, 0x0000000082900000|  9%| O|  |TAMS 0x0000000082800000| PB 0x0000000082800000| Untracked 
|  21|0x0000000082900000, 0x0000000082900000, 0x0000000082a00000|  0%| F|  |TAMS 0x0000000082900000| PB 0x0000000082900000| Untracked 
|  22|0x0000000082a00000, 0x0000000082a86fe0, 0x0000000082b00000| 52%| O|  |TAMS 0x0000000082a00000| PB 0x0000000082a00000| Untracked 
|  23|0x0000000082b00000, 0x0000000082b00000, 0x0000000082c00000|  0%| F|  |TAMS 0x0000000082b00000| PB 0x0000000082b00000| Untracked 
|  24|0x0000000082c00000, 0x0000000082c00000, 0x0000000082d00000|  0%| F|  |TAMS 0x0000000082c00000| PB 0x0000000082c00000| Untracked 
|  25|0x0000000082d00000, 0x0000000082d00000, 0x0000000082e00000|  0%| F|  |TAMS 0x0000000082d00000| PB 0x0000000082d00000| Untracked 
|  26|0x0000000082e00000, 0x0000000082ece5e0, 0x0000000082f00000| 80%| S|CS|TAMS 0x0000000082e00000| PB 0x0000000082e00000| Complete 
|  27|0x0000000082f00000, 0x0000000083000000, 0x0000000083000000|100%| S|CS|TAMS 0x0000000082f00000| PB 0x0000000082f00000| Complete 
|  28|0x0000000083000000, 0x0000000083100000, 0x0000000083100000|100%| S|CS|TAMS 0x0000000083000000| PB 0x0000000083000000| Complete 
|  29|0x0000000083100000, 0x0000000083200000, 0x0000000083200000|100%| S|CS|TAMS 0x0000000083100000| PB 0x0000000083100000| Complete 
|  30|0x0000000083200000, 0x0000000083200000, 0x0000000083300000|  0%| F|  |TAMS 0x0000000083200000| PB 0x0000000083200000| Untracked 
|  31|0x0000000083300000, 0x0000000083300000, 0x0000000083400000|  0%| F|  |TAMS 0x0000000083300000| PB 0x0000000083300000| Untracked 
|  32|0x0000000083400000, 0x0000000083400000, 0x0000000083500000|  0%| F|  |TAMS 0x0000000083400000| PB 0x0000000083400000| Untracked 
|  33|0x0000000083500000, 0x0000000083500000, 0x0000000083600000|  0%| F|  |TAMS 0x0000000083500000| PB 0x0000000083500000| Untracked 
|  34|0x0000000083600000, 0x0000000083600000, 0x0000000083700000|  0%| F|  |TAMS 0x0000000083600000| PB 0x0000000083600000| Untracked 
|  35|0x0000000083700000, 0x0000000083700000, 0x0000000083800000|  0%| F|  |TAMS 0x0000000083700000| PB 0x0000000083700000| Untracked 
|  36|0x0000000083800000, 0x0000000083800000, 0x0000000083900000|  0%| F|  |TAMS 0x0000000083800000| PB 0x0000000083800000| Untracked 
|  37|0x0000000083900000, 0x0000000083900000, 0x0000000083a00000|  0%| F|  |TAMS 0x0000000083900000| PB 0x0000000083900000| Untracked 
|  38|0x0000000083a00000, 0x0000000083a00000, 0x0000000083b00000|  0%| F|  |TAMS 0x0000000083a00000| PB 0x0000000083a00000| Untracked 
|  39|0x0000000083b00000, 0x0000000083b00000, 0x0000000083c00000|  0%| F|  |TAMS 0x0000000083b00000| PB 0x0000000083b00000| Untracked 
|  40|0x0000000083c00000, 0x0000000083c00000, 0x0000000083d00000|  0%| F|  |TAMS 0x0000000083c00000| PB 0x0000000083c00000| Untracked 
|  41|0x0000000083d00000, 0x0000000083d00000, 0x0000000083e00000|  0%| F|  |TAMS 0x0000000083d00000| PB 0x0000000083d00000| Untracked 
|  42|0x0000000083e00000, 0x0000000083e00000, 0x0000000083f00000|  0%| F|  |TAMS 0x0000000083e00000| PB 0x0000000083e00000| Untracked 
|  43|0x0000000083f00000, 0x0000000083f00000, 0x0000000084000000|  0%| F|  |TAMS 0x0000000083f00000| PB 0x0000000083f00000| Untracked 
|  44|0x0000000084000000, 0x0000000084000000, 0x0000000084100000|  0%| F|  |TAMS 0x0000000084000000| PB 0x0000000084000000| Untracked 
|  45|0x0000000084100000, 0x0000000084100000, 0x0000000084200000|  0%| F|  |TAMS 0x0000000084100000| PB 0x0000000084100000| Untracked 
|  46|0x0000000084200000, 0x0000000084200000, 0x0000000084300000|  0%| F|  |TAMS 0x0000000084200000| PB 0x0000000084200000| Untracked 
|  47|0x0000000084300000, 0x0000000084300000, 0x0000000084400000|  0%| F|  |TAMS 0x0000000084300000| PB 0x0000000084300000| Untracked 
|  48|0x0000000084400000, 0x0000000084400000, 0x0000000084500000|  0%| F|  |TAMS 0x0000000084400000| PB 0x0000000084400000| Untracked 
|  49|0x0000000084500000, 0x0000000084500000, 0x0000000084600000|  0%| F|  |TAMS 0x0000000084500000| PB 0x0000000084500000| Untracked 
|  50|0x0000000084600000, 0x0000000084600000, 0x0000000084700000|  0%| F|  |TAMS 0x0000000084600000| PB 0x0000000084600000| Untracked 
|  51|0x0000000084700000, 0x0000000084700000, 0x0000000084800000|  0%| F|  |TAMS 0x0000000084700000| PB 0x0000000084700000| Untracked 
|  52|0x0000000084800000, 0x0000000084800000, 0x0000000084900000|  0%| F|  |TAMS 0x0000000084800000| PB 0x0000000084800000| Untracked 
|  53|0x0000000084900000, 0x0000000084900000, 0x0000000084a00000|  0%| F|  |TAMS 0x0000000084900000| PB 0x0000000084900000| Untracked 
|  54|0x0000000084a00000, 0x0000000084a00000, 0x0000000084b00000|  0%| F|  |TAMS 0x0000000084a00000| PB 0x0000000084a00000| Untracked 
|  55|0x0000000084b00000, 0x0000000084b00000, 0x0000000084c00000|  0%| F|  |TAMS 0x0000000084b00000| PB 0x0000000084b00000| Untracked 
|  56|0x0000000084c00000, 0x0000000084c24c90, 0x0000000084d00000| 14%| E|  |TAMS 0x0000000084c00000| PB 0x0000000084c00000| Complete 
| 125|0x0000000089100000, 0x0000000089200000, 0x0000000089200000|100%| E|CS|TAMS 0x0000000089100000| PB 0x0000000089100000| Complete 
| 126|0x0000000089200000, 0x0000000089300000, 0x0000000089300000|100%| E|CS|TAMS 0x0000000089200000| PB 0x0000000089200000| Complete 
| 127|0x0000000089300000, 0x0000000089400000, 0x0000000089400000|100%| E|CS|TAMS 0x0000000089300000| PB 0x0000000089300000| Complete 

Card table byte_map: [0x000001fa430a0000,0x000001fa434a0000] _byte_map_base: 0x000001fa42c96000

Marking Bits: (CMBitMap*) 0x000001fa3c24fd70
 Bits: [0x000001fa434a0000, 0x000001fa45450000)

Polling page: 0x000001fa39f90000

Metaspace:

Usage:
  Non-class:     45.39 MB used.
      Class:      6.83 MB used.
       Both:     52.23 MB used.

Virtual space:
  Non-class space:       64.00 MB reserved,      46.12 MB ( 72%) committed,  1 nodes.
      Class space:        1.00 GB reserved,       7.19 MB ( <1%) committed,  1 nodes.
             Both:        1.06 GB reserved,      53.31 MB (  5%) committed. 

Chunk freelists:
   Non-Class:  1.65 MB
       Class:  8.88 MB
        Both:  10.53 MB

MaxMetaspaceSize: unlimited
CompressedClassSpaceSize: 1.00 GB
Initial GC threshold: 21.00 MB
Current GC threshold: 89.19 MB
CDS: on
 - commit_granule_bytes: 65536.
 - commit_granule_words: 8192.
 - virtual_space_node_default_size: 8388608.
 - enlarge_chunks_in_place: 1.
 - use_allocation_guard: 0.


Internal statistics:

num_allocs_failed_limit: 6.
num_arena_births: 1284.
num_arena_deaths: 580.
num_vsnodes_births: 2.
num_vsnodes_deaths: 0.
num_space_committed: 859.
num_space_uncommitted: 3.
num_chunks_returned_to_freelist: 940.
num_chunks_taken_from_freelist: 3713.
num_chunk_merges: 159.
num_chunk_splits: 2145.
num_chunks_enlarged: 1486.
num_inconsistent_stats: 0.

CodeCache: size=49152Kb used=14359Kb max_used=14922Kb free=34792Kb
 bounds [0x000001fa3fb90000, 0x000001fa40a30000, 0x000001fa42b90000]
 total_blobs=7595 nmethods=6879 adapters=638
 compilation: enabled
              stopped_count=0, restarted_count=0
 full_count=0

Compilation events (20 events):
Event: 1009.212 Thread 0x000001fa47eb99a0 nmethod 9720 0x000001fa40a1f010 code [0x000001fa40a1f1c0, 0x000001fa40a1f388]
Event: 1009.212 Thread 0x000001fa8d04a180 nmethod 9719 0x000001fa40a1f490 code [0x000001fa40a1f6a0, 0x000001fa40a1fb90]
Event: 1009.282 Thread 0x000001fa8d04a180 9721       1       java.lang.invoke.LambdaFormBuffer::clearDuplicatesAndNulls (268 bytes)
Event: 1009.294 Thread 0x000001fa8d04a180 nmethod 9721 0x000001fa40a1ff10 code [0x000001fa40a20120, 0x000001fa40a206b0]
Event: 1009.326 Thread 0x000001fa8d04a180 9722       1       org.springframework.boot.web.servlet.FilterRegistrationBean::getFilter (5 bytes)
Event: 1009.327 Thread 0x000001fa8d04a180 nmethod 9722 0x000001fa40a20a90 code [0x000001fa40a20c20, 0x000001fa40a20ce8]
Event: 1009.328 Thread 0x000001fa47eb99a0 9723       1       org.apache.juli.logging.LogFactory::getLog (8 bytes)
Event: 1009.328 Thread 0x000001fa8d04a180 9724       1       org.apache.juli.logging.LogFactory::getInstance (9 bytes)
Event: 1009.329 Thread 0x000001fa8d04a180 nmethod 9724 0x000001fa40a20d90 code [0x000001fa40a20f40, 0x000001fa40a21080]
Event: 1009.329 Thread 0x000001fa47eb99a0 nmethod 9723 0x000001fa40a21190 code [0x000001fa40a21340, 0x000001fa40a21458]
Event: 1009.329 Thread 0x000001fa8d04a180 9725       1       org.apache.catalina.core.StandardContext::getSwallowOutput (5 bytes)
Event: 1009.329 Thread 0x000001fa8d04a180 nmethod 9725 0x000001fa40a21590 code [0x000001fa40a21720, 0x000001fa40a217f0]
Event: 1009.330 Thread 0x000001fa8d04a180 9726       1       org.springframework.beans.factory.support.DefaultListableBeanFactory::registerSingleton (28 bytes)
Event: 1009.330 Thread 0x000001fa47eb99a0 9727       1       org.springframework.beans.factory.support.DefaultListableBeanFactory$$Lambda/0x000001fa49234d90::<init> (10 bytes)
Event: 1009.330 Thread 0x000001fa47eb99a0 nmethod 9727 0x000001fa40a21890 code [0x000001fa40a21a20, 0x000001fa40a21b30]
Event: 1009.331 Thread 0x000001fa47eb99a0 9728       1       org.springframework.beans.factory.support.DefaultListableBeanFactory$$Lambda/0x000001fa49234fb8::<init> (15 bytes)
Event: 1009.331 Thread 0x000001fa47eb99a0 nmethod 9728 0x000001fa40a21b90 code [0x000001fa40a21d20, 0x000001fa40a21e80]
Event: 1009.331 Thread 0x000001fa8d04a180 nmethod 9726 0x000001fa40a21f10 code [0x000001fa40a22120, 0x000001fa40a22488]
Event: 1009.335 Thread 0x000001fa8d04a180 9729       1       java.lang.invoke.LambdaFormBuffer::insertExpression (30 bytes)
Event: 1009.336 Thread 0x000001fa8d04a180 nmethod 9729 0x000001fa40a22790 code [0x000001fa40a22940, 0x000001fa40a22a50]

GC Heap History (20 events):
Event: 730.844 GC heap before
{Heap before GC invocations=43 (full 10):
 garbage-first heap   total 61440K, used 51239K [0x0000000081400000, 0x0000000100000000)
  region size 1024K, 30 young (30720K), 0 survivors (0K)
 Metaspace       used 53907K, committed 54528K, reserved 1114112K
  class space    used 7050K, committed 7296K, reserved 1048576K
}
Event: 730.848 GC heap after
{Heap after GC invocations=44 (full 10):
 garbage-first heap   total 61440K, used 23555K [0x0000000081400000, 0x0000000100000000)
  region size 1024K, 3 young (3072K), 3 survivors (3072K)
 Metaspace       used 53907K, committed 54528K, reserved 1114112K
  class space    used 7050K, committed 7296K, reserved 1048576K
}
Event: 765.743 GC heap before
{Heap before GC invocations=44 (full 10):
 garbage-first heap   total 61440K, used 44035K [0x0000000081400000, 0x0000000100000000)
  region size 1024K, 25 young (25600K), 3 survivors (3072K)
 Metaspace       used 53972K, committed 54592K, reserved 1114112K
  class space    used 7055K, committed 7296K, reserved 1048576K
}
Event: 765.889 GC heap after
{Heap after GC invocations=45 (full 11):
 garbage-first heap   total 61440K, used 21997K [0x0000000081400000, 0x0000000100000000)
  region size 1024K, 0 young (0K), 0 survivors (0K)
 Metaspace       used 53963K, committed 54592K, reserved 1114112K
  class space    used 7054K, committed 7296K, reserved 1048576K
}
Event: 766.569 GC heap before
{Heap before GC invocations=45 (full 11):
 garbage-first heap   total 61440K, used 50669K [0x0000000081400000, 0x0000000100000000)
  region size 1024K, 28 young (28672K), 0 survivors (0K)
 Metaspace       used 54024K, committed 54656K, reserved 1114112K
  class space    used 7065K, committed 7296K, reserved 1048576K
}
Event: 766.574 GC heap after
{Heap after GC invocations=46 (full 11):
 garbage-first heap   total 61440K, used 25001K [0x0000000081400000, 0x0000000100000000)
  region size 1024K, 3 young (3072K), 3 survivors (3072K)
 Metaspace       used 54024K, committed 54656K, reserved 1114112K
  class space    used 7065K, committed 7296K, reserved 1048576K
}
Event: 828.242 GC heap before
{Heap before GC invocations=46 (full 11):
 garbage-first heap   total 61440K, used 47529K [0x0000000081400000, 0x0000000100000000)
  region size 1024K, 27 young (27648K), 3 survivors (3072K)
 Metaspace       used 54086K, committed 54784K, reserved 1114112K
  class space    used 7070K, committed 7360K, reserved 1048576K
}
Event: 828.368 GC heap after
{Heap after GC invocations=47 (full 12):
 garbage-first heap   total 61440K, used 21790K [0x0000000081400000, 0x0000000100000000)
  region size 1024K, 0 young (0K), 0 survivors (0K)
 Metaspace       used 54045K, committed 54784K, reserved 1114112K
  class space    used 7060K, committed 7360K, reserved 1048576K
}
Event: 829.332 GC heap before
{Heap before GC invocations=47 (full 12):
 garbage-first heap   total 61440K, used 51486K [0x0000000081400000, 0x0000000100000000)
  region size 1024K, 29 young (29696K), 0 survivors (0K)
 Metaspace       used 54116K, committed 54784K, reserved 1114112K
  class space    used 7076K, committed 7360K, reserved 1048576K
}
Event: 829.336 GC heap after
{Heap after GC invocations=48 (full 12):
 garbage-first heap   total 61440K, used 24783K [0x0000000081400000, 0x0000000100000000)
  region size 1024K, 3 young (3072K), 3 survivors (3072K)
 Metaspace       used 54116K, committed 54784K, reserved 1114112K
  class space    used 7076K, committed 7360K, reserved 1048576K
}
Event: 909.517 GC heap before
{Heap before GC invocations=48 (full 12):
 garbage-first heap   total 61440K, used 48335K [0x0000000081400000, 0x0000000100000000)
  region size 1024K, 28 young (28672K), 3 survivors (3072K)
 Metaspace       used 54184K, committed 54848K, reserved 1114112K
  class space    used 7083K, committed 7360K, reserved 1048576K
}
Event: 909.635 GC heap after
{Heap after GC invocations=49 (full 13):
 garbage-first heap   total 61440K, used 21883K [0x0000000081400000, 0x0000000100000000)
  region size 1024K, 0 young (0K), 0 survivors (0K)
 Metaspace       used 54175K, committed 54848K, reserved 1114112K
  class space    used 7081K, committed 7360K, reserved 1048576K
}
Event: 910.217 GC heap before
{Heap before GC invocations=49 (full 13):
 garbage-first heap   total 61440K, used 50555K [0x0000000081400000, 0x0000000100000000)
  region size 1024K, 28 young (28672K), 0 survivors (0K)
 Metaspace       used 54235K, committed 54912K, reserved 1114112K
  class space    used 7092K, committed 7360K, reserved 1048576K
}
Event: 910.220 GC heap after
{Heap after GC invocations=50 (full 13):
 garbage-first heap   total 61440K, used 24836K [0x0000000081400000, 0x0000000100000000)
  region size 1024K, 3 young (3072K), 3 survivors (3072K)
 Metaspace       used 54235K, committed 54912K, reserved 1114112K
  class space    used 7092K, committed 7360K, reserved 1048576K
}
Event: 1004.948 GC heap before
{Heap before GC invocations=50 (full 13):
 garbage-first heap   total 61440K, used 50436K [0x0000000081400000, 0x0000000100000000)
  region size 1024K, 29 young (29696K), 3 survivors (3072K)
 Metaspace       used 54322K, committed 54976K, reserved 1114112K
  class space    used 7099K, committed 7360K, reserved 1048576K
}
Event: 1004.957 GC heap after
{Heap after GC invocations=51 (full 13):
 garbage-first heap   total 61440K, used 26058K [0x0000000081400000, 0x0000000100000000)
  region size 1024K, 3 young (3072K), 3 survivors (3072K)
 Metaspace       used 54322K, committed 54976K, reserved 1114112K
  class space    used 7099K, committed 7360K, reserved 1048576K
}
Event: 1004.960 GC heap before
{Heap before GC invocations=51 (full 13):
 garbage-first heap   total 61440K, used 26058K [0x0000000081400000, 0x0000000100000000)
  region size 1024K, 4 young (4096K), 3 survivors (3072K)
 Metaspace       used 54322K, committed 54976K, reserved 1114112K
  class space    used 7099K, committed 7360K, reserved 1048576K
}
Event: 1005.075 GC heap after
{Heap after GC invocations=52 (full 14):
 garbage-first heap   total 61440K, used 18851K [0x0000000081400000, 0x0000000100000000)
  region size 1024K, 0 young (0K), 0 survivors (0K)
 Metaspace       used 53316K, committed 54592K, reserved 1114112K
  class space    used 6962K, committed 7360K, reserved 1048576K
}
Event: 1009.282 GC heap before
{Heap before GC invocations=52 (full 14):
 garbage-first heap   total 61440K, used 49571K [0x0000000081400000, 0x0000000100000000)
  region size 1024K, 30 young (30720K), 0 survivors (0K)
 Metaspace       used 53460K, committed 54592K, reserved 1114112K
  class space    used 6995K, committed 7360K, reserved 1048576K
}
Event: 1009.292 GC heap after
{Heap after GC invocations=53 (full 14):
 garbage-first heap   total 61440K, used 22749K [0x0000000081400000, 0x0000000100000000)
  region size 1024K, 4 young (4096K), 4 survivors (4096K)
 Metaspace       used 53460K, committed 54592K, reserved 1114112K
  class space    used 6995K, committed 7360K, reserved 1048576K
}

Dll operation events (12 events):
Event: 0.023 Loaded shared library C:\Apps\sts-4.31.0.RELEASE\plugins\org.eclipse.justj.openjdk.hotspot.jre.full.win32.x86_64_21.0.7.v20250502-0916\jre\bin\java.dll
Event: 0.080 Loaded shared library C:\Apps\sts-4.31.0.RELEASE\plugins\org.eclipse.justj.openjdk.hotspot.jre.full.win32.x86_64_21.0.7.v20250502-0916\jre\bin\zip.dll
Event: 0.468 Loaded shared library C:\Apps\sts-4.31.0.RELEASE\plugins\org.eclipse.justj.openjdk.hotspot.jre.full.win32.x86_64_21.0.7.v20250502-0916\jre\bin\instrument.dll
Event: 0.485 Loaded shared library C:\Apps\sts-4.31.0.RELEASE\plugins\org.eclipse.justj.openjdk.hotspot.jre.full.win32.x86_64_21.0.7.v20250502-0916\jre\bin\net.dll
Event: 0.490 Loaded shared library C:\Apps\sts-4.31.0.RELEASE\plugins\org.eclipse.justj.openjdk.hotspot.jre.full.win32.x86_64_21.0.7.v20250502-0916\jre\bin\nio.dll
Event: 0.513 Loaded shared library C:\Apps\sts-4.31.0.RELEASE\plugins\org.eclipse.justj.openjdk.hotspot.jre.full.win32.x86_64_21.0.7.v20250502-0916\jre\bin\zip.dll
Event: 1.020 Loaded shared library C:\Apps\sts-4.31.0.RELEASE\plugins\org.eclipse.justj.openjdk.hotspot.jre.full.win32.x86_64_21.0.7.v20250502-0916\jre\bin\jimage.dll
Event: 1.240 Loaded shared library C:\Apps\sts-4.31.0.RELEASE\plugins\org.eclipse.justj.openjdk.hotspot.jre.full.win32.x86_64_21.0.7.v20250502-0916\jre\bin\management.dll
Event: 1.294 Loaded shared library C:\Apps\sts-4.31.0.RELEASE\plugins\org.eclipse.justj.openjdk.hotspot.jre.full.win32.x86_64_21.0.7.v20250502-0916\jre\bin\management_ext.dll
Event: 2.348 Loaded shared library C:\Apps\sts-4.31.0.RELEASE\plugins\org.eclipse.justj.openjdk.hotspot.jre.full.win32.x86_64_21.0.7.v20250502-0916\jre\bin\extnet.dll
Event: 2.413 Loaded shared library C:\Apps\sts-4.31.0.RELEASE\plugins\org.eclipse.justj.openjdk.hotspot.jre.full.win32.x86_64_21.0.7.v20250502-0916\jre\bin\verify.dll
Event: 5.109 Loaded shared library C:\Apps\sts-4.31.0.RELEASE\plugins\org.eclipse.justj.openjdk.hotspot.jre.full.win32.x86_64_21.0.7.v20250502-0916\jre\bin\sunmscapi.dll

Deoptimization events (20 events):
Event: 1009.347 Thread 0x000001fa8fa2f720 DEOPT PACKING pc=0x000001fa4036b964 sp=0x00000070694fcf60
Event: 1009.347 Thread 0x000001fa8fa2f720 DEOPT UNPACKING pc=0x000001fa3fbe4e42 sp=0x00000070694fc510 mode 1
Event: 1009.347 Thread 0x000001fa8fa2f720 DEOPT PACKING pc=0x000001fa4036dd14 sp=0x00000070694fd0d0
Event: 1009.347 Thread 0x000001fa8fa2f720 DEOPT UNPACKING pc=0x000001fa3fbe4e42 sp=0x00000070694fc690 mode 1
Event: 1022.897 Thread 0x000001fa8dab3fc0 DEOPT PACKING pc=0x000001fa4054af64 sp=0x000000706b8fdfc0
Event: 1022.897 Thread 0x000001fa8dab3fc0 DEOPT UNPACKING pc=0x000001fa3fbe4e42 sp=0x000000706b8fd528 mode 1
Event: 1022.897 Thread 0x000001fa8dab3fc0 DEOPT PACKING pc=0x000001fa4054af64 sp=0x000000706b8fdfc0
Event: 1022.897 Thread 0x000001fa8dab3fc0 DEOPT UNPACKING pc=0x000001fa3fbe4e42 sp=0x000000706b8fd528 mode 1
Event: 1022.897 Thread 0x000001fa8dab3fc0 DEOPT PACKING pc=0x000001fa4054af64 sp=0x000000706b8fdfc0
Event: 1022.897 Thread 0x000001fa8dab3fc0 DEOPT UNPACKING pc=0x000001fa3fbe4e42 sp=0x000000706b8fd528 mode 1
Event: 1022.897 Thread 0x000001fa8dab3fc0 DEOPT PACKING pc=0x000001fa4054af64 sp=0x000000706b8fdfc0
Event: 1022.898 Thread 0x000001fa8dab3fc0 DEOPT UNPACKING pc=0x000001fa3fbe4e42 sp=0x000000706b8fd528 mode 1
Event: 1022.898 Thread 0x000001fa8dab3fc0 DEOPT PACKING pc=0x000001fa4054af64 sp=0x000000706b8fdfc0
Event: 1022.898 Thread 0x000001fa8dab3fc0 DEOPT UNPACKING pc=0x000001fa3fbe4e42 sp=0x000000706b8fd528 mode 1
Event: 1022.898 Thread 0x000001fa8dab3fc0 DEOPT PACKING pc=0x000001fa4054af64 sp=0x000000706b8fdfc0
Event: 1022.898 Thread 0x000001fa8dab3fc0 DEOPT UNPACKING pc=0x000001fa3fbe4e42 sp=0x000000706b8fd528 mode 1
Event: 1022.898 Thread 0x000001fa8dab3fc0 DEOPT PACKING pc=0x000001fa4054af64 sp=0x000000706b8fdfc0
Event: 1022.898 Thread 0x000001fa8dab3fc0 DEOPT UNPACKING pc=0x000001fa3fbe4e42 sp=0x000000706b8fd528 mode 1
Event: 1055.349 Thread 0x000001fa8fa2f720 DEOPT PACKING pc=0x000001fa3ffb9234 sp=0x00000070694fdbc0
Event: 1055.349 Thread 0x000001fa8fa2f720 DEOPT UNPACKING pc=0x000001fa3fbe4e42 sp=0x00000070694fd078 mode 0

Classes loaded (20 events):
Event: 155.517 Loading class sun/net/spi/DefaultProxySelector$1
Event: 155.517 Loading class sun/net/spi/DefaultProxySelector$1 done
Event: 155.517 Loading class sun/net/spi/DefaultProxySelector$NonProxyInfo
Event: 155.517 Loading class sun/net/spi/DefaultProxySelector$NonProxyInfo done
Event: 155.517 Loading class sun/net/spi/DefaultProxySelector$3
Event: 155.518 Loading class sun/net/spi/DefaultProxySelector$3 done
Event: 155.540 Loading class java/util/WeakHashMap$KeyIterator
Event: 155.540 Loading class java/util/WeakHashMap$HashIterator
Event: 155.540 Loading class java/util/WeakHashMap$HashIterator done
Event: 155.540 Loading class java/util/WeakHashMap$KeyIterator done
Event: 155.584 Loading class java/lang/ref/Finalizer$2
Event: 155.585 Loading class java/lang/ref/Finalizer$2 done
Event: 155.585 Loading class java/lang/ref/Finalizer$1
Event: 155.585 Loading class java/lang/ref/Finalizer$1 done
Event: 156.434 Loading class java/util/WeakHashMap$EntrySet
Event: 156.434 Loading class java/util/WeakHashMap$EntrySet done
Event: 156.434 Loading class java/util/WeakHashMap$EntryIterator
Event: 156.434 Loading class java/util/WeakHashMap$EntryIterator done
Event: 700.475 Loading class jdk/internal/loader/BootLoader$PackageHelper
Event: 700.480 Loading class jdk/internal/loader/BootLoader$PackageHelper done

Classes unloaded (20 events):
Event: 1004.994 Thread 0x000001fa47e83d10 Unloading class 0x000001fa49711630 'com/example/_40_bizlogic/DptBizLogic'
Event: 1004.994 Thread 0x000001fa47e83d10 Unloading class 0x000001fa49711428 'com/example/_30_service/DptService'
Event: 1004.994 Thread 0x000001fa47e83d10 Unloading class 0x000001fa497105f8 'com/example/_20_controller/DptController'
Event: 1004.994 Thread 0x000001fa47e83d10 Unloading class 0x000001fa49711210 'com/example/_10_config/JdbcTemplateConfig'
Event: 1004.994 Thread 0x000001fa47e83d10 Unloading class 0x000001fa49711000 'com/example/_10_config/JdbcDataSourceConfig'
Event: 1004.994 Thread 0x000001fa47e83d10 Unloading class 0x000001fa49710400 'com/example/SampleSpringMvcApplication'
Event: 1004.994 Thread 0x000001fa47e83d10 Unloading class 0x000001fa49710000 'java/lang/invoke/LambdaForm$MH+0x000001fa49710000'
Event: 1004.994 Thread 0x000001fa47e83d10 Unloading class 0x000001fa49421000 'java/lang/invoke/LambdaForm$MH+0x000001fa49421000'
Event: 1004.994 Thread 0x000001fa47e83d10 Unloading class 0x000001fa49404000 'java/lang/invoke/LambdaForm$MH+0x000001fa49404000'
Event: 1004.994 Thread 0x000001fa47e83d10 Unloading class 0x000001fa493fd000 'java/lang/invoke/LambdaForm$MH+0x000001fa493fd000'
Event: 1004.994 Thread 0x000001fa47e83d10 Unloading class 0x000001fa493fc000 'java/lang/invoke/LambdaForm$DMH+0x000001fa493fc000'
Event: 1004.994 Thread 0x000001fa47e83d10 Unloading class 0x000001fa4939dc00 'java/lang/invoke/LambdaForm$MH+0x000001fa4939dc00'
Event: 1004.994 Thread 0x000001fa47e83d10 Unloading class 0x000001fa49358400 'java/lang/invoke/LambdaForm$DMH+0x000001fa49358400'
Event: 1004.994 Thread 0x000001fa47e83d10 Unloading class 0x000001fa4925c000 'java/lang/invoke/LambdaForm$MH+0x000001fa4925c000'
Event: 1004.994 Thread 0x000001fa47e83d10 Unloading class 0x000001fa49184c00 'java/lang/invoke/LambdaForm$MH+0x000001fa49184c00'
Event: 1004.994 Thread 0x000001fa47e83d10 Unloading class 0x000001fa49141000 'java/lang/invoke/LambdaForm$MH+0x000001fa49141000'
Event: 1004.994 Thread 0x000001fa47e83d10 Unloading class 0x000001fa49140c00 'java/lang/invoke/LambdaForm$MH+0x000001fa49140c00'
Event: 1004.994 Thread 0x000001fa47e83d10 Unloading class 0x000001fa49140800 'java/lang/invoke/LambdaForm$MH+0x000001fa49140800'
Event: 1004.994 Thread 0x000001fa47e83d10 Unloading class 0x000001fa490c4000 'java/lang/invoke/LambdaForm$MH+0x000001fa490c4000'
Event: 1004.994 Thread 0x000001fa47e83d10 Unloading class 0x000001fa490c3800 'java/lang/invoke/LambdaForm$MH+0x000001fa490c3800'

Classes redefined (20 events):
Event: 1003.996 Thread 0x000001fa47e83d10 redefined class name=com.example._10_config.JdbcDataSourceConfig, count=2
Event: 1003.996 Thread 0x000001fa47e83d10 redefined class name=com.example._10_config.JdbcDataSourceConfig, count=2
Event: 1003.996 Thread 0x000001fa47e83d10 redefined class name=com.example._10_config.JdbcDataSourceConfig, count=5
Event: 1003.996 Thread 0x000001fa47e83d10 redefined class name=com.example._10_config.JdbcDataSourceConfig, count=5
Event: 1003.996 Thread 0x000001fa47e83d10 redefined class name=com.example._10_config.JdbcDataSourceConfig, count=5
Event: 1003.996 Thread 0x000001fa47e83d10 redefined class name=com.example._10_config.JdbcDataSourceConfig, count=3
Event: 1003.996 Thread 0x000001fa47e83d10 redefined class name=com.example._10_config.JdbcDataSourceConfig, count=5
Event: 1003.996 Thread 0x000001fa47e83d10 redefined class name=com.example._10_config.JdbcDataSourceConfig, count=4
Event: 1003.996 Thread 0x000001fa47e83d10 redefined class name=com.example._10_config.JdbcDataSourceConfig, count=5
Event: 1003.996 Thread 0x000001fa47e83d10 redefined class name=com.example._10_config.JdbcDataSourceConfig, count=5
Event: 1003.996 Thread 0x000001fa47e83d10 redefined class name=com.example._10_config.JdbcDataSourceConfig, count=1
Event: 1003.996 Thread 0x000001fa47e83d10 redefined class name=com.example._10_config.JdbcDataSourceConfig, count=1
Event: 1003.996 Thread 0x000001fa47e83d10 redefined class name=com.example._10_config.JdbcDataSourceConfig, count=1
Event: 1055.377 Thread 0x000001fa47e83d10 redefined class name=com.example._10_config.JdbcDataSourceConfig, count=3
Event: 1055.377 Thread 0x000001fa47e83d10 redefined class name=com.example._10_config.JdbcDataSourceConfig, count=1
Event: 1055.377 Thread 0x000001fa47e83d10 redefined class name=com.example._10_config.JdbcDataSourceConfig, count=6
Event: 1055.377 Thread 0x000001fa47e83d10 redefined class name=com.example._10_config.JdbcDataSourceConfig, count=6
Event: 1055.377 Thread 0x000001fa47e83d10 redefined class name=com.example._10_config.JdbcDataSourceConfig, count=2
Event: 1055.377 Thread 0x000001fa47e83d10 redefined class name=com.example._10_config.JdbcDataSourceConfig, count=2
Event: 1055.377 Thread 0x000001fa47e83d10 redefined class name=com.example._10_config.JdbcDataSourceConfig, count=2

Internal exceptions (20 events):
Event: 910.121 Thread 0x000001fa8fa30ad0 Exception <a 'java/lang/NoClassDefFoundError'{0x00000000839931b8}: org/springframework/session/jdbc/JdbcIndexedSessionRepository> (0x00000000839931b8) 
thrown [s\src\hotspot\share\oops\constantPool.cpp, line 873]
Event: 910.175 Thread 0x000001fa8fa30ad0 Exception <a 'java/io/FileNotFoundException'{0x00000000835a83f8}> (0x00000000835a83f8) 
thrown [s\src\hotspot\share\prims\jni.cpp, line 520]
Event: 910.215 Thread 0x000001fa8fa30ad0 Exception <a 'java/io/FileNotFoundException'{0x00000000834e7cb8}> (0x00000000834e7cb8) 
thrown [s\src\hotspot\share\prims\jni.cpp, line 520]
Event: 917.659 Thread 0x000001fa8fa33f50 Exception <a 'java/lang/ClassNotFoundException'{0x0000000083ffb068}: message/messages> (0x0000000083ffb068) 
thrown [s\src\hotspot\share\prims\jni.cpp, line 539]
Event: 917.662 Thread 0x000001fa8fa33f50 Exception <a 'java/lang/ClassNotFoundException'{0x0000000083fffad0}: message/messages_en> (0x0000000083fffad0) 
thrown [s\src\hotspot\share\prims\jni.cpp, line 539]
Event: 917.663 Thread 0x000001fa8fa33f50 Exception <a 'java/lang/ClassNotFoundException'{0x0000000083e069e0}: message/messages_en_US> (0x0000000083e069e0) 
thrown [s\src\hotspot\share\prims\jni.cpp, line 539]
Event: 1004.947 Thread 0x000001fa8fa2fdb0 Exception <a 'java/lang/InterruptedException'{0x00000000836f8720}: sleep interrupted> (0x00000000836f8720) 
thrown [s\src\hotspot\share\prims\jvm.cpp, line 3074]
Event: 1005.107 Thread 0x000001fa8fa2f720 Exception <a 'sun/nio/fs/WindowsException'{0x000000008939b350}> (0x000000008939b350) 
thrown [s\src\hotspot\share\prims\jni.cpp, line 520]
Event: 1005.836 Thread 0x000001fa8fa2f720 Exception <a 'java/lang/NoClassDefFoundError'{0x0000000083896938}: org/flywaydb/core/Flyway> (0x0000000083896938) 
thrown [s\src\hotspot\share\oops\constantPool.cpp, line 873]
Event: 1009.051 Thread 0x000001fa8fa2f720 Exception <a 'java/lang/NoClassDefFoundError'{0x0000000083896f98}: liquibase/integration/spring/SpringLiquibase> (0x0000000083896f98) 
thrown [s\src\hotspot\share\oops\constantPool.cpp, line 873]
Event: 1009.065 Thread 0x000001fa8fa2f720 Exception <a 'java/lang/NoClassDefFoundError'{0x00000000838c90a0}: org/jooq/DSLContext> (0x00000000838c90a0) 
thrown [s\src\hotspot\share\oops\constantPool.cpp, line 873]
Event: 1009.069 Thread 0x000001fa8fa2f720 Exception <a 'java/lang/NoClassDefFoundError'{0x00000000838ca7e0}: jakarta/persistence/EntityManagerFactory> (0x00000000838ca7e0) 
thrown [s\src\hotspot\share\oops\constantPool.cpp, line 873]
Event: 1009.082 Thread 0x000001fa8fa2f720 Exception <a 'java/lang/NoClassDefFoundError'{0x00000000837124c0}: org/springframework/batch/core/repository/JobRepository> (0x00000000837124c0) 
thrown [s\src\hotspot\share\oops\constantPool.cpp, line 873]
Event: 1009.086 Thread 0x000001fa8fa2f720 Exception <a 'java/lang/NoClassDefFoundError'{0x0000000083712b18}: org/quartz/Scheduler> (0x0000000083712b18) 
thrown [s\src\hotspot\share\oops\constantPool.cpp, line 873]
Event: 1009.089 Thread 0x000001fa8fa2f720 Exception <a 'java/lang/NoClassDefFoundError'{0x0000000083713198}: org/springframework/session/jdbc/JdbcIndexedSessionRepository> (0x0000000083713198) 
thrown [s\src\hotspot\share\oops\constantPool.cpp, line 873]
Event: 1009.112 Thread 0x000001fa8fa2f720 Exception <a 'java/lang/NoSuchMethodError'{0x00000000837915f8}: 'void java.lang.invoke.DelegatingMethodHandle$Holder.reinvoke_L(java.lang.Object, java.lang.Object, int)'> (0x00000000837915f8) 
thrown [s\src\hotspot\share\interpreter\linkResolver.cpp, line 773]
Event: 1009.228 Thread 0x000001fa8fa2f720 Exception <a 'java/lang/NoSuchMethodError'{0x0000000083225500}: 'int java.lang.invoke.DirectMethodHandle$Holder.invokeVirtual(java.lang.Object, java.lang.Object, java.lang.Object, java.lang.Object)'> (0x0000000083225500) 
thrown [s\src\hotspot\share\interpreter\linkResolver.cpp, line 773]
Event: 1009.228 Thread 0x000001fa8fa2f720 Exception <a 'java/lang/NoSuchMethodError'{0x0000000083228af8}: 'int java.lang.invoke.DelegatingMethodHandle$Holder.reinvoke_L(java.lang.Object, java.lang.Object, java.lang.Object, java.lang.Object)'> (0x0000000083228af8) 
thrown [s\src\hotspot\share\interpreter\linkResolver.cpp, line 773]
Event: 1009.240 Thread 0x000001fa8fa2f720 Exception <a 'java/io/FileNotFoundException'{0x00000000832644c0}> (0x00000000832644c0) 
thrown [s\src\hotspot\share\prims\jni.cpp, line 520]
Event: 1009.327 Thread 0x000001fa8fa2f720 Exception <a 'java/io/FileNotFoundException'{0x00000000893ae9e8}> (0x00000000893ae9e8) 
thrown [s\src\hotspot\share\prims\jni.cpp, line 520]

ZGC Phase Switch (0 events):
No events

VM Operations (20 events):
Event: 1010.950 Executing VM operation: get/set locals
Event: 1010.950 Executing VM operation: get/set locals done
Event: 1010.952 Executing VM operation: get/set locals
Event: 1010.953 Executing VM operation: get/set locals done
Event: 1010.956 Executing VM operation: get/set locals
Event: 1010.956 Executing VM operation: get/set locals done
Event: 1010.959 Executing VM operation: get/set locals
Event: 1010.959 Executing VM operation: get/set locals done
Event: 1022.724 Executing VM operation: HandshakeAllThreads (HandshakeForDeflation)
Event: 1022.725 Executing VM operation: HandshakeAllThreads (HandshakeForDeflation) done
Event: 1022.725 Executing VM operation: RendezvousGCThreads
Event: 1022.725 Executing VM operation: RendezvousGCThreads done
Event: 1055.348 Executing VM operation: ChangeSingleStep
Event: 1055.348 Executing VM operation: ChangeSingleStep done
Event: 1055.349 Executing VM operation: ChangeSingleStep
Event: 1055.349 Executing VM operation: ChangeSingleStep done
Event: 1055.366 Executing VM operation: RedefineClasses
Event: 1055.398 Executing VM operation: RedefineClasses done
Event: 1055.400 Executing VM operation: ChangeSingleStep
Event: 1055.400 Executing VM operation: ChangeSingleStep done

Memory protections (0 events):
No events

Nmethod flushes (20 events):
Event: 909.588 Thread 0x000001fa47e83d10 flushing  nmethod 0x000001fa3fe82490
Event: 909.588 Thread 0x000001fa47e83d10 flushing  nmethod 0x000001fa3fe8e290
Event: 909.588 Thread 0x000001fa47e83d10 flushing  nmethod 0x000001fa40016090
Event: 909.588 Thread 0x000001fa47e83d10 flushing  nmethod 0x000001fa40067910
Event: 909.588 Thread 0x000001fa47e83d10 flushing  nmethod 0x000001fa401ac890
Event: 909.588 Thread 0x000001fa47e83d10 flushing  nmethod 0x000001fa40295710
Event: 909.588 Thread 0x000001fa47e83d10 flushing  nmethod 0x000001fa402eae90
Event: 909.588 Thread 0x000001fa47e83d10 flushing  nmethod 0x000001fa402fe790
Event: 909.588 Thread 0x000001fa47e83d10 flushing  nmethod 0x000001fa40316e90
Event: 909.588 Thread 0x000001fa47e83d10 flushing  nmethod 0x000001fa40322910
Event: 909.588 Thread 0x000001fa47e83d10 flushing  nmethod 0x000001fa4037f910
Event: 909.588 Thread 0x000001fa47e83d10 flushing  nmethod 0x000001fa403d0210
Event: 909.588 Thread 0x000001fa47e83d10 flushing  nmethod 0x000001fa40452c90
Event: 909.588 Thread 0x000001fa47e83d10 flushing  nmethod 0x000001fa405e7610
Event: 909.588 Thread 0x000001fa47e83d10 flushing  nmethod 0x000001fa40731890
Event: 909.588 Thread 0x000001fa47e83d10 flushing  nmethod 0x000001fa40772c10
Event: 1005.026 Thread 0x000001fa47e83d10 flushing  nmethod 0x000001fa40068f90
Event: 1005.026 Thread 0x000001fa47e83d10 flushing  nmethod 0x000001fa4017d110
Event: 1005.026 Thread 0x000001fa47e83d10 flushing  nmethod 0x000001fa400afa10
Event: 1005.026 Thread 0x000001fa47e83d10 flushing  nmethod 0x000001fa4017c790

Events (20 events):
Event: 1004.933 Thread 0x000001fa8fa317f0 Thread exited: 0x000001fa8fa317f0
Event: 1004.934 Thread 0x000001fa8fa35300 Thread exited: 0x000001fa8fa35300
Event: 1004.934 Thread 0x000001fa8fa31160 Thread exited: 0x000001fa8fa31160
Event: 1004.934 Thread 0x000001fa8fa33f50 Thread exited: 0x000001fa8fa33f50
Event: 1004.934 Thread 0x000001fa8fa32510 Thread exited: 0x000001fa8fa32510
Event: 1004.934 Thread 0x000001fa8fa34c70 Thread exited: 0x000001fa8fa34c70
Event: 1004.935 Thread 0x000001fa8fa338c0 Thread exited: 0x000001fa8fa338c0
Event: 1004.947 Thread 0x000001fa8fa2fdb0 Thread exited: 0x000001fa8fa2fdb0
Event: 1004.957 Thread 0x000001fa8fa30440 Thread exited: 0x000001fa8fa30440
Event: 1005.076 Thread 0x000001fa8fa30ad0 Thread added: 0x000001fa8fa2f090
Event: 1005.076 Thread 0x000001fa8fa2f720 Thread exited: 0x000001fa8fa2f720
Event: 1005.076 Thread 0x000001fa8fa2f090 Thread exited: 0x000001fa8fa2f090
Event: 1005.078 Thread 0x000001fa8fa30ad0 Thread added: 0x000001fa8fa2f720
Event: 1005.088 Thread 0x000001fa47eb99a0 Thread added: 0x000001fa8d04a180
Event: 1005.202 Thread 0x000001fa8fa2f720 Thread added: 0x000001fa8fa30440
Event: 1005.290 Thread 0x000001fa8fa30440 Thread exited: 0x000001fa8fa30440
Event: 1009.329 Thread 0x000001fa8fa2f720 Thread added: 0x000001fa8fa31e80
Event: 1009.329 Thread 0x000001fa8fa2f720 Thread added: 0x000001fa8fa2fdb0
Event: 1009.330 Thread 0x000001fa8fa2f720 Thread added: 0x000001fa8fa2f090
Event: 1014.336 Thread 0x000001fa8d04a180 Thread exited: 0x000001fa8d04a180


Dynamic libraries:
0x00007ff70e630000 - 0x00007ff70e63e000 	C:\Apps\sts-4.31.0.RELEASE\plugins\org.eclipse.justj.openjdk.hotspot.jre.full.win32.x86_64_21.0.7.v20250502-0916\jre\bin\javaw.exe
0x00007ffc59580000 - 0x00007ffc597e5000 	C:\WINDOWS\SYSTEM32\ntdll.dll
0x00007ffc59310000 - 0x00007ffc593d9000 	C:\WINDOWS\System32\KERNEL32.DLL
0x00007ffc56830000 - 0x00007ffc56c18000 	C:\WINDOWS\System32\KERNELBASE.dll
0x00007ffc56d90000 - 0x00007ffc56edb000 	C:\WINDOWS\System32\ucrtbase.dll
0x00007ffc50c40000 - 0x00007ffc50c58000 	C:\Apps\sts-4.31.0.RELEASE\plugins\org.eclipse.justj.openjdk.hotspot.jre.full.win32.x86_64_21.0.7.v20250502-0916\jre\bin\jli.dll
0x00007ffc504f0000 - 0x00007ffc5050e000 	C:\Apps\sts-4.31.0.RELEASE\plugins\org.eclipse.justj.openjdk.hotspot.jre.full.win32.x86_64_21.0.7.v20250502-0916\jre\bin\VCRUNTIME140.dll
0x00007ffc57320000 - 0x00007ffc574ea000 	C:\WINDOWS\System32\USER32.dll
0x00007ffc43980000 - 0x00007ffc43c1a000 	C:\WINDOWS\WinSxS\amd64_microsoft.windows.common-controls_6595b64144ccf1df_6.0.26100.4202_none_3e0698d4e335f517\COMCTL32.dll
0x00007ffc56770000 - 0x00007ffc56797000 	C:\WINDOWS\System32\win32u.dll
0x00007ffc58670000 - 0x00007ffc5869b000 	C:\WINDOWS\System32\GDI32.dll
0x00007ffc59260000 - 0x00007ffc59309000 	C:\WINDOWS\System32\msvcrt.dll
0x00007ffc56ee0000 - 0x00007ffc57017000 	C:\WINDOWS\System32\gdi32full.dll
0x00007ffc56c20000 - 0x00007ffc56cc3000 	C:\WINDOWS\System32\msvcp_win.dll
0x00007ffc59060000 - 0x00007ffc59090000 	C:\WINDOWS\System32\IMM32.DLL
0x00007ffc4fa60000 - 0x00007ffc4fa6c000 	C:\Apps\sts-4.31.0.RELEASE\plugins\org.eclipse.justj.openjdk.hotspot.jre.full.win32.x86_64_21.0.7.v20250502-0916\jre\bin\vcruntime140_1.dll
0x00007ffc47d80000 - 0x00007ffc47e0d000 	C:\Apps\sts-4.31.0.RELEASE\plugins\org.eclipse.justj.openjdk.hotspot.jre.full.win32.x86_64_21.0.7.v20250502-0916\jre\bin\msvcp140.dll
0x00007ffbe34a0000 - 0x00007ffbe4230000 	C:\Apps\sts-4.31.0.RELEASE\plugins\org.eclipse.justj.openjdk.hotspot.jre.full.win32.x86_64_21.0.7.v20250502-0916\jre\bin\server\jvm.dll
0x00007ffc591a0000 - 0x00007ffc59253000 	C:\WINDOWS\System32\ADVAPI32.dll
0x00007ffc58fb0000 - 0x00007ffc59056000 	C:\WINDOWS\System32\sechost.dll
0x00007ffc58e90000 - 0x00007ffc58fa5000 	C:\WINDOWS\System32\RPCRT4.dll
0x00007ffc574f0000 - 0x00007ffc57564000 	C:\WINDOWS\System32\WS2_32.dll
0x00007ffc552b0000 - 0x00007ffc5530e000 	C:\WINDOWS\SYSTEM32\POWRPROF.dll
0x00007ffc417c0000 - 0x00007ffc417f5000 	C:\WINDOWS\SYSTEM32\WINMM.dll
0x00007ffc464e0000 - 0x00007ffc464eb000 	C:\WINDOWS\SYSTEM32\VERSION.dll
0x00007ffc55290000 - 0x00007ffc552a4000 	C:\WINDOWS\SYSTEM32\UMPDC.dll
0x00007ffc55570000 - 0x00007ffc5558b000 	C:\WINDOWS\SYSTEM32\kernel.appcore.dll
0x00007ffc4fa50000 - 0x00007ffc4fa5a000 	C:\Apps\sts-4.31.0.RELEASE\plugins\org.eclipse.justj.openjdk.hotspot.jre.full.win32.x86_64_21.0.7.v20250502-0916\jre\bin\jimage.dll
0x00007ffc48d10000 - 0x00007ffc48f51000 	C:\WINDOWS\SYSTEM32\DBGHELP.DLL
0x00007ffc58af0000 - 0x00007ffc58e75000 	C:\WINDOWS\System32\combase.dll
0x00007ffc57d60000 - 0x00007ffc57e41000 	C:\WINDOWS\System32\OLEAUT32.dll
0x00007ffc29530000 - 0x00007ffc29569000 	C:\WINDOWS\SYSTEM32\dbgcore.DLL
0x00007ffc566d0000 - 0x00007ffc56769000 	C:\WINDOWS\System32\bcryptPrimitives.dll
0x00007ffc47d40000 - 0x00007ffc47d7c000 	C:\Apps\sts-4.31.0.RELEASE\plugins\org.eclipse.justj.openjdk.hotspot.jre.full.win32.x86_64_21.0.7.v20250502-0916\jre\bin\jdwp.dll
0x00007ffc4fa20000 - 0x00007ffc4fa2f000 	C:\Apps\sts-4.31.0.RELEASE\plugins\org.eclipse.justj.openjdk.hotspot.jre.full.win32.x86_64_21.0.7.v20250502-0916\jre\bin\instrument.dll
0x00007ffc4fa00000 - 0x00007ffc4fa1f000 	C:\Apps\sts-4.31.0.RELEASE\plugins\org.eclipse.justj.openjdk.hotspot.jre.full.win32.x86_64_21.0.7.v20250502-0916\jre\bin\java.dll
0x00007ffc57570000 - 0x00007ffc57cb2000 	C:\WINDOWS\System32\SHELL32.dll
0x00007ffc57020000 - 0x00007ffc57194000 	C:\WINDOWS\System32\wintypes.dll
0x00007ffc54310000 - 0x00007ffc54b68000 	C:\WINDOWS\SYSTEM32\windows.storage.dll
0x00007ffc59440000 - 0x00007ffc59531000 	C:\WINDOWS\System32\SHCORE.dll
0x00007ffc585a0000 - 0x00007ffc5860a000 	C:\WINDOWS\System32\shlwapi.dll
0x00007ffc565e0000 - 0x00007ffc5660f000 	C:\WINDOWS\SYSTEM32\profapi.dll
0x00007ffc47ea0000 - 0x00007ffc47eb8000 	C:\Apps\sts-4.31.0.RELEASE\plugins\org.eclipse.justj.openjdk.hotspot.jre.full.win32.x86_64_21.0.7.v20250502-0916\jre\bin\zip.dll
0x00007ffc485d0000 - 0x00007ffc485db000 	C:\Apps\sts-4.31.0.RELEASE\plugins\org.eclipse.justj.openjdk.hotspot.jre.full.win32.x86_64_21.0.7.v20250502-0916\jre\bin\dt_socket.dll
0x00007ffc54fa0000 - 0x00007ffc54fd3000 	C:\WINDOWS\SYSTEM32\IPHLPAPI.DLL
0x00007ffc55ac0000 - 0x00007ffc55b2a000 	C:\WINDOWS\system32\mswsock.dll
0x00007ffc55070000 - 0x00007ffc55197000 	C:\WINDOWS\SYSTEM32\DNSAPI.dll
0x00007ffc58750000 - 0x00007ffc5875a000 	C:\WINDOWS\System32\NSI.dll
0x00007ffc44b60000 - 0x00007ffc44b6b000 	C:\Windows\System32\rasadhlp.dll
0x00007ffc50330000 - 0x00007ffc503b6000 	C:\WINDOWS\System32\fwpuclnt.dll
0x00007ffc482a0000 - 0x00007ffc482b0000 	C:\Apps\sts-4.31.0.RELEASE\plugins\org.eclipse.justj.openjdk.hotspot.jre.full.win32.x86_64_21.0.7.v20250502-0916\jre\bin\net.dll
0x00007ffc48a60000 - 0x00007ffc48b7e000 	C:\WINDOWS\SYSTEM32\WINHTTP.dll
0x00007ffc47e30000 - 0x00007ffc47e46000 	C:\Apps\sts-4.31.0.RELEASE\plugins\org.eclipse.justj.openjdk.hotspot.jre.full.win32.x86_64_21.0.7.v20250502-0916\jre\bin\nio.dll
0x00007ffc47e20000 - 0x00007ffc47e2a000 	C:\Apps\sts-4.31.0.RELEASE\plugins\org.eclipse.justj.openjdk.hotspot.jre.full.win32.x86_64_21.0.7.v20250502-0916\jre\bin\management.dll
0x00007ffc47d30000 - 0x00007ffc47d3b000 	C:\Apps\sts-4.31.0.RELEASE\plugins\org.eclipse.justj.openjdk.hotspot.jre.full.win32.x86_64_21.0.7.v20250502-0916\jre\bin\management_ext.dll
0x00007ffc593e0000 - 0x00007ffc593e8000 	C:\WINDOWS\System32\PSAPI.DLL
0x00007ffc2b770000 - 0x00007ffc2b788000 	C:\WINDOWS\system32\napinsp.dll
0x00007ffc2b750000 - 0x00007ffc2b762000 	C:\WINDOWS\System32\winrnr.dll
0x00007ffc2b710000 - 0x00007ffc2b740000 	C:\WINDOWS\system32\nlansp_c.dll
0x00007ffc477e0000 - 0x00007ffc47800000 	C:\WINDOWS\system32\wshbth.dll
0x00007ffc55ea0000 - 0x00007ffc55ebb000 	C:\WINDOWS\SYSTEM32\CRYPTSP.dll
0x00007ffc554d0000 - 0x00007ffc5550a000 	C:\WINDOWS\system32\rsaenh.dll
0x00007ffc55b60000 - 0x00007ffc55b8b000 	C:\WINDOWS\SYSTEM32\USERENV.dll
0x00007ffc565b0000 - 0x00007ffc565d6000 	C:\WINDOWS\SYSTEM32\bcrypt.dll
0x00007ffc55d00000 - 0x00007ffc55d0c000 	C:\WINDOWS\SYSTEM32\CRYPTBASE.dll
0x00007ffc47d20000 - 0x00007ffc47d29000 	C:\Apps\sts-4.31.0.RELEASE\plugins\org.eclipse.justj.openjdk.hotspot.jre.full.win32.x86_64_21.0.7.v20250502-0916\jre\bin\extnet.dll
0x00007ffc47d10000 - 0x00007ffc47d20000 	C:\Apps\sts-4.31.0.RELEASE\plugins\org.eclipse.justj.openjdk.hotspot.jre.full.win32.x86_64_21.0.7.v20250502-0916\jre\bin\verify.dll
0x00007ffc47d00000 - 0x00007ffc47d0e000 	C:\Apps\sts-4.31.0.RELEASE\plugins\org.eclipse.justj.openjdk.hotspot.jre.full.win32.x86_64_21.0.7.v20250502-0916\jre\bin\sunmscapi.dll
0x00007ffc571a0000 - 0x00007ffc57317000 	C:\WINDOWS\System32\CRYPT32.dll
0x00007ffc55ff0000 - 0x00007ffc56020000 	C:\WINDOWS\SYSTEM32\ncrypt.dll
0x00007ffc55fa0000 - 0x00007ffc55fdf000 	C:\WINDOWS\SYSTEM32\NTASN1.dll
0x00007ffc40f30000 - 0x00007ffc40f38000 	C:\WINDOWS\system32\wshunix.dll

dbghelp: loaded successfully - version: 4.0.5 - missing functions: none
symbol engine: initialized successfully - sym options: 0x614 - pdb path: .;C:\Apps\sts-4.31.0.RELEASE\plugins\org.eclipse.justj.openjdk.hotspot.jre.full.win32.x86_64_21.0.7.v20250502-0916\jre\bin;C:\WINDOWS\SYSTEM32;C:\WINDOWS\WinSxS\amd64_microsoft.windows.common-controls_6595b64144ccf1df_6.0.26100.4202_none_3e0698d4e335f517;C:\Apps\sts-4.31.0.RELEASE\plugins\org.eclipse.justj.openjdk.hotspot.jre.full.win32.x86_64_21.0.7.v20250502-0916\jre\bin\server

VM Arguments:
jvm_args: -XX:+ShowCodeDetailsInExceptionMessages -agentlib:jdwp=transport=dt_socket,suspend=y,address=localhost:51759 -Dcom.sun.management.jmxremote -Dcom.sun.management.jmxremote.port=51758 -Dcom.sun.management.jmxremote.authenticate=false -Dcom.sun.management.jmxremote.ssl=false -Djava.rmi.server.hostname=localhost -Dspring.jmx.enabled=true -Dmanagement.endpoints.jmx.exposure.include=* -Dspring.application.admin.enabled=true -Ddebug -Dspring.output.ansi.enabled=always -XX:TieredStopAtLevel=1 -Dspring.boot.project.name=sampleSpringMVC -javaagent:C:\Apps\eclipse-2025-06\configuration\org.eclipse.osgi\442\0\.cp\lib\javaagent-shaded.jar -Dfile.encoding=UTF-8 -Dstdout.encoding=UTF-8 -Dstderr.encoding=UTF-8 
java_command: com.example.SampleSpringMvcApplication
java_class_path (initial): C:\xForAll\54_SpringSpace\sampleSpringMVC\target\classes;C:\Apps\eclipse-eternal-jar\ojdbc11-23.6.0.24.10.jar;C:\Users\jwang\.m2\repository\org\springframework\boot\spring-boot-starter-web\3.5.3\spring-boot-starter-web-3.5.3.jar;C:\Users\jwang\.m2\repository\org\springframework\boot\spring-boot-starter\3.5.3\spring-boot-starter-3.5.3.jar;C:\Users\jwang\.m2\repository\org\springframework\boot\spring-boot-starter-logging\3.5.3\spring-boot-starter-logging-3.5.3.jar;C:\Users\jwang\.m2\repository\ch\qos\logback\logback-classic\1.5.18\logback-classic-1.5.18.jar;C:\Users\jwang\.m2\repository\ch\qos\logback\logback-core\1.5.18\logback-core-1.5.18.jar;C:\Users\jwang\.m2\repository\org\apache\logging\log4j\log4j-to-slf4j\2.24.3\log4j-to-slf4j-2.24.3.jar;C:\Users\jwang\.m2\repository\org\apache\logging\log4j\log4j-api\2.24.3\log4j-api-2.24.3.jar;C:\Users\jwang\.m2\repository\org\slf4j\jul-to-slf4j\2.0.17\jul-to-slf4j-2.0.17.jar;C:\Users\jwang\.m2\repository\jakarta\annotation\jakarta.annotation-api\2.1.1\jakarta.annotation-api-2.1.1.jar;C:\Users\jwang\.m2\repository\org\yaml\snakeyaml\2.4\snakeyaml-2.4.jar;C:\Users\jwang\.m2\repository\org\springframework\boot\spring-boot-starter-json\3.5.3\spring-boot-starter-json-3.5.3.jar;C:\Users\jwang\.m2\repository\com\fasterxml\jackson\core\jackson-databind\2.19.1\jackson-databind-2.19.1.jar;C:\Users\jwang\.m2\repository\com\fasterxml\jackson\core\jackson-annotations\2.19.1\jackson-annotations-2.19.1.jar;C:\Users\jwang\.m2\repository\com\fasterxml\jackson\core\jackson-core\2.19.1\jackson-core-2.19.1.jar;C:\Users\jwang\.m2\repository\com\fasterxml\jackson\datatype\jackson-datatype-jdk8\2.19.1\jackson-datatype-jdk8-2.19.1.jar;C:\Users\jwang\.m2\repository\com\fasterxml\jackson\datatype\jackson-datatype-jsr310\2.19.1\jackson-datatype-jsr310-2.19.1.jar;C:\Users\jwang\.m2\repository\com\fasterxml\jackson\module\jackson-module-parameter-names\2.19.1\jackson-module-parameter-names-2.19.1.jar;C:\Users\jwang\.m2\repository\org\springframework\boot\spring-boot-starter-tomcat\3.5.3\spring-boot-starter-tomcat-3.5.3.jar;C:\Users\jwang\.m2\repository\org\apache\tomcat\embed\tomcat-embed-core\10.1.42\tomcat-embed-core-10.1.42.jar;C:\Users\jwang\.m2\repository\org\apache\tomcat\embed\tomcat-embed-el\10.1.42\tomcat-embed-el-10.1.42.jar;C:\Users\jwang\.m2\repository\org\apache\tomcat\embed\tomcat-embed-websocket\10.1.42\tomcat-embed-websocket-10.1.42.jar;C:\Users\jwang\.m2\repository\org\springframework\spring-web\6.2.8\spring-web-6.2.8.jar;C:\Users\jwang\.m2\repository\io\micrometer\micrometer-observation\1.15.1\micrometer-observation-1.15.1.jar;C:\Users\jwang\.m2\repository\io\micrometer\micrometer-commons\1.15.1\micrometer-commons-1.15.1.jar;C:\Users\jwang\.m2\repository\org\slf4j\slf4j-api\2.0.17\slf4j-api-2.0.17.jar;C:\Users\jwang\.m2\repository\org\springframework\spring-core\6.2.8\spring-core-6.2.8.jar;C:\Users\jwang\.m2\repository\org\springframework\spring-jcl\6.2.8\spring-jcl-6.2.8.jar;C:\Users\jwang\.m2\repository\org\springframework\spring-webmvc\6.2.8\spring-webmvc-6.2.8.jar;C:\Users\jwang\.m2\repository\org\springframework\spring-aop\6.2.8\spring-aop-6.2.8.jar;C:\Users\jwang\.m2\repository\org\springframework\spring-beans\6.2.8\spring-beans-6.2.8.jar;C:\Users\jwang\.m2\repository\org\springframework\spring-context\6.2.8\spring-context-6.2.8.jar;C:\Users\jwang\.m2\repository\org\springframework\spring-expression\6.2.8\spring-expression-6.2.8.jar;C:\Users\jwang\.m2\repository\org\springframework\boot\spring-boot-starter-thymeleaf\3.5.3\spring-boot-starter-thymeleaf-3.5.3.jar;C:\Users\jwang\.m2\repository\org\thymeleaf\thymeleaf-spring6\3.1.3.RELEASE\thymeleaf-spring6-3.1.3.RELEASE.jar;C:\Users\jwang\.m2\repository\org\thymeleaf\thymeleaf\3.1.3.RELEASE\thymeleaf-3.1.3.RELEASE.jar;C:\Users\jwang\.m2\repository\org\attoparser\attoparser\2.0.7.RELEASE\attoparser-2.0.7.RELEASE.jar;C:\Users\jwang\.m2\repository\org\unbescape\unbescape\1.1.6.RELEASE\unbescape-1.1.6.RELEASE.jar;C:\Users\jwang\.m2\repository\org\springframework\boot\spring-boot-devtools\3.5.3\spring-boot-devtools-3.5.3.jar;C:\Users\jwang\.m2\repository\org\springframework\boot\spring-boot\3.5.3\spring-boot-3.5.3.jar;C:\Users\jwang\.m2\repository\org\springframework\boot\spring-boot-autoconfigure\3.5.3\spring-boot-autoconfigure-3.5.3.jar;C:\Users\jwang\.m2\repository\org\springframework\boot\spring-boot-starter-jdbc\3.5.3\spring-boot-starter-jdbc-3.5.3.jar;C:\Users\jwang\.m2\repository\com\zaxxer\HikariCP\6.3.0\HikariCP-6.3.0.jar;C:\Users\jwang\.m2\repository\org\springframework\spring-jdbc\6.2.8\spring-jdbc-6.2.8.jar;C:\Users\jwang\.m2\repository\org\springframework\spring-tx\6.2.8\spring-tx-6.2.8.jar;C:\Users\jwang\.m2\repository\com\h2database\h2\2.3.232\h2-2.3.232.jar;C:\Users\jwang\.m2\repository\com\oracle\database\jdbc\ojdbc11\23.7.0.25.01\ojdbc11-23.7.0.25.01.jar
Launcher Type: SUN_STANDARD

[Global flags]
     intx CICompilerCount                          = 4                                         {product} {ergonomic}
     uint ConcGCThreads                            = 2                                         {product} {ergonomic}
     uint G1ConcRefinementThreads                  = 8                                         {product} {ergonomic}
   size_t G1HeapRegionSize                         = 1048576                                   {product} {ergonomic}
    uintx GCDrainStackTargetSize                   = 64                                        {product} {ergonomic}
   size_t InitialHeapSize                          = 134217728                                 {product} {ergonomic}
     bool ManagementServer                         = true                                      {product} {command line}
   size_t MarkStackSize                            = 4194304                                   {product} {ergonomic}
   size_t MaxHeapSize                              = 2126512128                                {product} {ergonomic}
   size_t MaxNewSize                               = 1275068416                                {product} {ergonomic}
   size_t MinHeapDeltaBytes                        = 1048576                                   {product} {ergonomic}
   size_t MinHeapSize                              = 8388608                                   {product} {ergonomic}
    uintx NonNMethodCodeHeapSize                   = 4096                                   {pd product} {ergonomic}
    uintx NonProfiledCodeHeapSize                  = 0                                      {pd product} {ergonomic}
     bool ProfileInterpreter                       = false                                  {pd product} {command line}
    uintx ProfiledCodeHeapSize                     = 0                                      {pd product} {ergonomic}
     bool ShowCodeDetailsInExceptionMessages       = true                                   {manageable} {command line}
   size_t SoftMaxHeapSize                          = 2126512128                             {manageable} {ergonomic}
     intx TieredStopAtLevel                        = 1                                         {product} {command line}
     bool UseCompressedOops                        = true                           {product lp64_product} {ergonomic}
     bool UseG1GC                                  = true                                      {product} {ergonomic}
     bool UseLargePagesIndividualAllocation        = false                                  {pd product} {ergonomic}

Logging:
Log output configuration:
 #0: stdout all=warning uptime,level,tags foldmultilines=false
 #1: stderr all=off uptime,level,tags foldmultilines=false

Environment Variables:
JAVA_HOME=C:\Apps\jdk-21.0.7
PATH=C:\Apps\sts-4.31.0.RELEASE\plugins\org.eclipse.justj.openjdk.hotspot.jre.full.win32.x86_64_21.0.7.v20250502-0916\jre\bin;C:/Apps/eclipse-2025-06//plugins/org.eclipse.justj.openjdk.hotspot.jre.full.win32.x86_64_21.0.7.v20250502-0916/jre/bin/server;C:/Apps/eclipse-2025-06//plugins/org.eclipse.justj.openjdk.hotspot.jre.full.win32.x86_64_21.0.7.v20250502-0916/jre/bin;C:\app\oracle\product\21c\dbhomeXE\bin;C:\Program Files (x86)\NVIDIA Corporation\PhysX\Common;C:\WINDOWS\system32;C:\WINDOWS;C:\WINDOWS\System32\Wbem;C:\WINDOWS\System32\WindowsPowerShell\v1.0\;C:\WINDOWS\System32\OpenSSH\;C:\Program Files\nodejs\;C:\Program Files\Amazon\AWSCLIV2\;C:\Program Files\Git\cmd;C:\Users\jwang\AppData\Local\Programs\Python\Python311\;C:\Users\jwang\AppData\Roaming\npm;C:\Program Files\Docker\Docker\resources\bin;C:\Users\jwang\AppData\Local\Microsoft\WindowsApps;C:\Users\jwang_atpcaqd\AppData\Roaming\npm;C:\Users\jwang\AppData\Local\atom\bin;C:\Program Files\JetBrains\PyCharm Community Edition 2023.3.5\bin;C:\Users\jwang\AppData\Local\Programs\Microsoft VS Code\bin;C:\Temp\lightsailctl;C:\Apps\spark\spark-3.5.1-bin-hadoop3\bin;C:\Apps\jdk-21.0.7\bin;C:\Apps\sakura;C:\WINDOWS\system32;C:\WINDOWS;C:\WINDOWS\System32\Wbem;C:\WINDOWS\System32\WindowsPowerShell\v1.0\;C:\WINDOWS\System32\OpenSSH\;C:\app\oracle\product\21c\dbhomeXE\bin;C:\Apps\spark-3.4.1-bin-hadoop3\bin;C:\Apps\apache-tomcat-10.0.27\bin;C:\Users\jwang\AppData\Local\Microsoft\WindowsApps;C:\Users\jwang_atpcaqd\AppData\Roaming\npm;C:\Users\jwang\AppData\Local\atom\bin;C:\Program Files\JetBrains\PyCharm Community Edition 2024.1.1\bin;;C:\Users\jwang\AppData\Local\Microsoft\WindowsApps;C:\Apps\eclipse-2025-06;
USERNAME=jwang_atpcaqd
OS=Windows_NT
PROCESSOR_IDENTIFIER=Intel64 Family 6 Model 142 Stepping 10, GenuineIntel
TMP=C:\Users\jwang\AppData\Local\Temp
TEMP=C:\Users\jwang\AppData\Local\Temp




Periodic native trim disabled

---------------  S Y S T E M  ---------------

OS:
 Windows 11 , 64 bit Build 26100 (10.0.26100.4202)
OS uptime: 2 days 13:47 hours
Hyper-V role detected

CPU: total 8 (initial active 8) (4 cores per cpu, 2 threads per core) family 6 model 142 stepping 10 microcode 0xf0, cx8, cmov, fxsr, ht, mmx, 3dnowpref, sse, sse2, sse3, ssse3, sse4.1, sse4.2, popcnt, lzcnt, tsc, tscinvbit, avx, avx2, aes, erms, clmul, bmi1, bmi2, adx, fma, vzeroupper, clflush, clflushopt, hv, rdtscp, f16c
Processor Information for processor 0
  Max Mhz: 1800, Current Mhz: 1500, Mhz Limit: 1584
Processor Information for processor 1
  Max Mhz: 1800, Current Mhz: 1600, Mhz Limit: 1584
Processor Information for processor 2
  Max Mhz: 1800, Current Mhz: 1500, Mhz Limit: 1584
Processor Information for processor 3
  Max Mhz: 1800, Current Mhz: 1500, Mhz Limit: 1584
Processor Information for processor 4
  Max Mhz: 1800, Current Mhz: 1600, Mhz Limit: 1584
Processor Information for processor 5
  Max Mhz: 1800, Current Mhz: 1500, Mhz Limit: 1584
Processor Information for processor 6
  Max Mhz: 1800, Current Mhz: 1500, Mhz Limit: 1584
Processor Information for processor 7
  Max Mhz: 1800, Current Mhz: 1500, Mhz Limit: 1584

Memory: 4k page, system-wide physical 8109M (1063M free)
TotalPageFile size 12461M (AvailPageFile size 2629M)
current process WorkingSet (physical memory assigned to process): 210M, peak: 211M
current process commit charge ("private bytes"): 239M, peak: 254M

vm_info: OpenJDK 64-Bit Server VM (21.0.7+6-LTS) for windows-amd64 JRE (21.0.7+6-LTS), built on 2025-04-15T00:00:00Z by "admin" with MS VC++ 17.7 (VS2022)

END.
